[0.014s] Invoking command in '/Users/amoralesma/Documents/UN/servos/servos-proyecto/uros_ws/uros_ws/build/micro_ros_setup': CONDA_PROMPT_MODIFIER=(humble) SHLVL=2 _=/Users/amoralesma/conda/envs/humble/bin/env __CF_USER_TEXT_ENCODING=0x1F5:0x0:0x2 /Users/amoralesma/conda/envs/humble/bin/cmake /Users/amoralesma/Documents/UN/servos/servos-proyecto/uros_ws/uros_ws/src/micro_ros_setup -DCMAKE_INSTALL_PREFIX=/Users/amoralesma/Documents/UN/servos/servos-proyecto/uros_ws/uros_ws/install/micro_ros_setup
[0.067s] CMake Deprecation Warning at CMakeLists.txt:1 (cmake_minimum_required):
[0.067s]   Compatibility with CMake < 3.10 will be removed from a future version of
[0.067s]   CMake.
[0.067s] 
[0.067s]   Update the VERSION argument <min> value.  Or, use the <min>...<max> syntax
[0.067s]   to tell CMake that the project requires at least <min> but has been updated
[0.067s]   to work with policies introduced by <max> or earlier.
[0.067s] 
[0.067s] 
[0.477s] -- The C compiler identification is Clang 18.1.8
[0.608s] -- The CXX compiler identification is Clang 18.1.8
[0.634s] -- Detecting C compiler ABI info
[0.764s] -- Detecting C compiler ABI info - done
[0.768s] -- Check for working C compiler: /Users/amoralesma/conda/envs/humble/bin/arm64-apple-darwin20.0.0-clang - skipped
[0.768s] -- Detecting C compile features
[0.769s] -- Detecting C compile features - done
[0.774s] -- Detecting CXX compiler ABI info
[0.906s] -- Detecting CXX compiler ABI info - done
[0.910s] -- Check for working CXX compiler: /Users/amoralesma/conda/envs/humble/bin/arm64-apple-darwin20.0.0-clang++ - skipped
[0.910s] -- Detecting CXX compile features
[0.910s] -- Detecting CXX compile features - done
[0.927s] -- Found ament_cmake: 1.3.11 (/Users/amoralesma/conda/envs/humble/share/ament_cmake/cmake)
[1.013s] -- Found Python3: /Users/amoralesma/conda/envs/humble/bin/python3 (found version "3.11.12") found components: Interpreter
[1.171s] -- Found ament_lint_auto: 0.12.11 (/Users/amoralesma/conda/envs/humble/share/ament_lint_auto/cmake)
[1.285s] -- Added test 'copyright' to check source files copyright and LICENSE
[1.298s] -- Added test 'flake8' to check Python code syntax and style conventions
[1.300s] -- Added test 'lint_cmake' to check CMake code style
[1.301s] -- Added test 'pep257' to check Python code against some of the docstring style conventions in PEP 257
[1.308s] -- Added test 'xmllint' to check XML markup files
[1.310s] -- Configuring done (1.2s)
[1.317s] -- Generating done (0.0s)
[1.318s] -- Build files have been written to: /Users/amoralesma/Documents/UN/servos/servos-proyecto/uros_ws/uros_ws/build/micro_ros_setup
[1.320s] Invoked command in '/Users/amoralesma/Documents/UN/servos/servos-proyecto/uros_ws/uros_ws/build/micro_ros_setup' returned '0': CONDA_PROMPT_MODIFIER=(humble) SHLVL=2 _=/Users/amoralesma/conda/envs/humble/bin/env __CF_USER_TEXT_ENCODING=0x1F5:0x0:0x2 /Users/amoralesma/conda/envs/humble/bin/cmake /Users/amoralesma/Documents/UN/servos/servos-proyecto/uros_ws/uros_ws/src/micro_ros_setup -DCMAKE_INSTALL_PREFIX=/Users/amoralesma/Documents/UN/servos/servos-proyecto/uros_ws/uros_ws/install/micro_ros_setup
[1.322s] Invoking command in '/Users/amoralesma/Documents/UN/servos/servos-proyecto/uros_ws/uros_ws/build/micro_ros_setup': CONDA_PROMPT_MODIFIER=(humble) SHLVL=2 _=/Users/amoralesma/conda/envs/humble/bin/env __CF_USER_TEXT_ENCODING=0x1F5:0x0:0x2 /Users/amoralesma/conda/envs/humble/bin/cmake --build /Users/amoralesma/Documents/UN/servos/servos-proyecto/uros_ws/uros_ws/build/micro_ros_setup -- -j10 -l10
[1.359s] Invoked command in '/Users/amoralesma/Documents/UN/servos/servos-proyecto/uros_ws/uros_ws/build/micro_ros_setup' returned '0': CONDA_PROMPT_MODIFIER=(humble) SHLVL=2 _=/Users/amoralesma/conda/envs/humble/bin/env __CF_USER_TEXT_ENCODING=0x1F5:0x0:0x2 /Users/amoralesma/conda/envs/humble/bin/cmake --build /Users/amoralesma/Documents/UN/servos/servos-proyecto/uros_ws/uros_ws/build/micro_ros_setup -- -j10 -l10
[1.412s] Invoking command in '/Users/amoralesma/Documents/UN/servos/servos-proyecto/uros_ws/uros_ws/build/micro_ros_setup': CONDA_PROMPT_MODIFIER=(humble) SHLVL=2 _=/Users/amoralesma/conda/envs/humble/bin/env __CF_USER_TEXT_ENCODING=0x1F5:0x0:0x2 /Users/amoralesma/conda/envs/humble/bin/cmake --install /Users/amoralesma/Documents/UN/servos/servos-proyecto/uros_ws/uros_ws/build/micro_ros_setup
[1.421s] -- Install configuration: ""
[1.421s] -- Installing: /Users/amoralesma/Documents/UN/servos/servos-proyecto/uros_ws/uros_ws/install/micro_ros_setup/share/ament_index/resource_index/package_run_dependencies/micro_ros_setup
[1.421s] -- Installing: /Users/amoralesma/Documents/UN/servos/servos-proyecto/uros_ws/uros_ws/install/micro_ros_setup/share/ament_index/resource_index/parent_prefix_path/micro_ros_setup
[1.422s] -- Installing: /Users/amoralesma/Documents/UN/servos/servos-proyecto/uros_ws/uros_ws/install/micro_ros_setup/share/micro_ros_setup/environment/ament_prefix_path.sh
[1.422s] -- Installing: /Users/amoralesma/Documents/UN/servos/servos-proyecto/uros_ws/uros_ws/install/micro_ros_setup/share/micro_ros_setup/environment/ament_prefix_path.dsv
[1.422s] -- Installing: /Users/amoralesma/Documents/UN/servos/servos-proyecto/uros_ws/uros_ws/install/micro_ros_setup/share/micro_ros_setup/environment/path.sh
[1.422s] -- Installing: /Users/amoralesma/Documents/UN/servos/servos-proyecto/uros_ws/uros_ws/install/micro_ros_setup/share/micro_ros_setup/environment/path.dsv
[1.422s] -- Installing: /Users/amoralesma/Documents/UN/servos/servos-proyecto/uros_ws/uros_ws/install/micro_ros_setup/share/micro_ros_setup/local_setup.bash
[1.422s] -- Installing: /Users/amoralesma/Documents/UN/servos/servos-proyecto/uros_ws/uros_ws/install/micro_ros_setup/share/micro_ros_setup/local_setup.sh
[1.422s] -- Installing: /Users/amoralesma/Documents/UN/servos/servos-proyecto/uros_ws/uros_ws/install/micro_ros_setup/share/micro_ros_setup/local_setup.zsh
[1.423s] -- Installing: /Users/amoralesma/Documents/UN/servos/servos-proyecto/uros_ws/uros_ws/install/micro_ros_setup/share/micro_ros_setup/local_setup.dsv
[1.423s] -- Installing: /Users/amoralesma/Documents/UN/servos/servos-proyecto/uros_ws/uros_ws/install/micro_ros_setup/share/micro_ros_setup/package.dsv
[1.423s] -- Installing: /Users/amoralesma/Documents/UN/servos/servos-proyecto/uros_ws/uros_ws/install/micro_ros_setup/share/ament_index/resource_index/packages/micro_ros_setup
[1.423s] -- Installing: /Users/amoralesma/Documents/UN/servos/servos-proyecto/uros_ws/uros_ws/install/micro_ros_setup/share/micro_ros_setup/cmake/micro_ros_setupConfig.cmake
[1.423s] -- Installing: /Users/amoralesma/Documents/UN/servos/servos-proyecto/uros_ws/uros_ws/install/micro_ros_setup/share/micro_ros_setup/cmake/micro_ros_setupConfig-version.cmake
[1.423s] -- Installing: /Users/amoralesma/Documents/UN/servos/servos-proyecto/uros_ws/uros_ws/install/micro_ros_setup/share/micro_ros_setup/package.xml
[1.423s] -- Installing: /Users/amoralesma/Documents/UN/servos/servos-proyecto/uros_ws/uros_ws/install/micro_ros_setup/./config
[1.424s] -- Installing: /Users/amoralesma/Documents/UN/servos/servos-proyecto/uros_ws/uros_ws/install/micro_ros_setup/./config/utils.sh
[1.424s] -- Installing: /Users/amoralesma/Documents/UN/servos/servos-proyecto/uros_ws/uros_ws/install/micro_ros_setup/./config/agent_uros_packages.repos
[1.424s] -- Installing: /Users/amoralesma/Documents/UN/servos/servos-proyecto/uros_ws/uros_ws/install/micro_ros_setup/./config/generate_lib
[1.424s] -- Installing: /Users/amoralesma/Documents/UN/servos/servos-proyecto/uros_ws/uros_ws/install/micro_ros_setup/./config/generate_lib/dev_uros_packages.repos
[1.424s] -- Installing: /Users/amoralesma/Documents/UN/servos/servos-proyecto/uros_ws/uros_ws/install/micro_ros_setup/./config/generate_lib/dev_ros2_packages.txt
[1.424s] -- Installing: /Users/amoralesma/Documents/UN/servos/servos-proyecto/uros_ws/uros_ws/install/micro_ros_setup/./config/generate_lib/generic
[1.424s] -- Installing: /Users/amoralesma/Documents/UN/servos/servos-proyecto/uros_ws/uros_ws/install/micro_ros_setup/./config/generate_lib/generic/flash.sh
[1.424s] -- Installing: /Users/amoralesma/Documents/UN/servos/servos-proyecto/uros_ws/uros_ws/install/micro_ros_setup/./config/generate_lib/generic/package.xml
[1.424s] -- Installing: /Users/amoralesma/Documents/UN/servos/servos-proyecto/uros_ws/uros_ws/install/micro_ros_setup/./config/generate_lib/generic/demo_toolchain.cmake
[1.425s] -- Installing: /Users/amoralesma/Documents/UN/servos/servos-proyecto/uros_ws/uros_ws/install/micro_ros_setup/./config/generate_lib/generic/build.sh
[1.425s] -- Installing: /Users/amoralesma/Documents/UN/servos/servos-proyecto/uros_ws/uros_ws/install/micro_ros_setup/./config/generate_lib/generic/client_uros_packages.repos
[1.425s] -- Installing: /Users/amoralesma/Documents/UN/servos/servos-proyecto/uros_ws/uros_ws/install/micro_ros_setup/./config/generate_lib/generic/create.sh
[1.425s] -- Installing: /Users/amoralesma/Documents/UN/servos/servos-proyecto/uros_ws/uros_ws/install/micro_ros_setup/./config/generate_lib/generic/client-colcon.meta
[1.425s] -- Installing: /Users/amoralesma/Documents/UN/servos/servos-proyecto/uros_ws/uros_ws/install/micro_ros_setup/./config/host
[1.425s] -- Installing: /Users/amoralesma/Documents/UN/servos/servos-proyecto/uros_ws/uros_ws/install/micro_ros_setup/./config/host/dev_uros_packages.repos
[1.425s] -- Installing: /Users/amoralesma/Documents/UN/servos/servos-proyecto/uros_ws/uros_ws/install/micro_ros_setup/./config/host/client_ros2_packages.txt
[1.426s] -- Installing: /Users/amoralesma/Documents/UN/servos/servos-proyecto/uros_ws/uros_ws/install/micro_ros_setup/./config/host/dev_ros2_packages.txt
[1.426s] -- Installing: /Users/amoralesma/Documents/UN/servos/servos-proyecto/uros_ws/uros_ws/install/micro_ros_setup/./config/host/generic
[1.426s] -- Installing: /Users/amoralesma/Documents/UN/servos/servos-proyecto/uros_ws/uros_ws/install/micro_ros_setup/./config/host/generic/client_host_packages.repos
[1.426s] -- Installing: /Users/amoralesma/Documents/UN/servos/servos-proyecto/uros_ws/uros_ws/install/micro_ros_setup/./config/host/generic/flash.sh
[1.426s] -- Installing: /Users/amoralesma/Documents/UN/servos/servos-proyecto/uros_ws/uros_ws/install/micro_ros_setup/./config/host/generic/package.xml
[1.426s] -- Installing: /Users/amoralesma/Documents/UN/servos/servos-proyecto/uros_ws/uros_ws/install/micro_ros_setup/./config/host/generic/build.sh
[1.427s] -- Installing: /Users/amoralesma/Documents/UN/servos/servos-proyecto/uros_ws/uros_ws/install/micro_ros_setup/./config/host/generic/client-host-colcon.meta
[1.427s] -- Installing: /Users/amoralesma/Documents/UN/servos/servos-proyecto/uros_ws/uros_ws/install/micro_ros_setup/./config/host/generic/create.sh
[1.427s] -- Installing: /Users/amoralesma/Documents/UN/servos/servos-proyecto/uros_ws/uros_ws/install/micro_ros_setup/./config/raspbian
[1.427s] -- Installing: /Users/amoralesma/Documents/UN/servos/servos-proyecto/uros_ws/uros_ws/install/micro_ros_setup/./config/raspbian/dev_uros_packages.repos
[1.427s] -- Installing: /Users/amoralesma/Documents/UN/servos/servos-proyecto/uros_ws/uros_ws/install/micro_ros_setup/./config/raspbian/dev_ros2_packages.txt
[1.428s] -- Installing: /Users/amoralesma/Documents/UN/servos/servos-proyecto/uros_ws/uros_ws/install/micro_ros_setup/./config/raspbian/generic
[1.428s] -- Installing: /Users/amoralesma/Documents/UN/servos/servos-proyecto/uros_ws/uros_ws/install/micro_ros_setup/./config/raspbian/generic/flash.sh
[1.428s] -- Installing: /Users/amoralesma/Documents/UN/servos/servos-proyecto/uros_ws/uros_ws/install/micro_ros_setup/./config/raspbian/generic/supported_platforms
[1.428s] -- Installing: /Users/amoralesma/Documents/UN/servos/servos-proyecto/uros_ws/uros_ws/install/micro_ros_setup/./config/raspbian/generic/build.sh
[1.428s] -- Installing: /Users/amoralesma/Documents/UN/servos/servos-proyecto/uros_ws/uros_ws/install/micro_ros_setup/./config/raspbian/generic/client_uros_packages.repos
[1.428s] -- Installing: /Users/amoralesma/Documents/UN/servos/servos-proyecto/uros_ws/uros_ws/install/micro_ros_setup/./config/raspbian/generic/create.sh
[1.429s] -- Installing: /Users/amoralesma/Documents/UN/servos/servos-proyecto/uros_ws/uros_ws/install/micro_ros_setup/./config/raspbian/generic/configure.sh
[1.429s] -- Installing: /Users/amoralesma/Documents/UN/servos/servos-proyecto/uros_ws/uros_ws/install/micro_ros_setup/./config/raspbian/generic/client-colcon.meta
[1.429s] -- Installing: /Users/amoralesma/Documents/UN/servos/servos-proyecto/uros_ws/uros_ws/install/micro_ros_setup/./config/freertos
[1.429s] -- Installing: /Users/amoralesma/Documents/UN/servos/servos-proyecto/uros_ws/uros_ws/install/micro_ros_setup/./config/freertos/dev_uros_packages.repos
[1.429s] -- Installing: /Users/amoralesma/Documents/UN/servos/servos-proyecto/uros_ws/uros_ws/install/micro_ros_setup/./config/freertos/nucleo_f446ze
[1.429s] -- Installing: /Users/amoralesma/Documents/UN/servos/servos-proyecto/uros_ws/uros_ws/install/micro_ros_setup/./config/freertos/nucleo_f446ze/flash.sh
[1.430s] -- Installing: /Users/amoralesma/Documents/UN/servos/servos-proyecto/uros_ws/uros_ws/install/micro_ros_setup/./config/freertos/nucleo_f446ze/package.xml
[1.430s] -- Installing: /Users/amoralesma/Documents/UN/servos/servos-proyecto/uros_ws/uros_ws/install/micro_ros_setup/./config/freertos/nucleo_f446ze/build.sh
[1.430s] -- Installing: /Users/amoralesma/Documents/UN/servos/servos-proyecto/uros_ws/uros_ws/install/micro_ros_setup/./config/freertos/nucleo_f446ze/board.repos
[1.430s] -- Installing: /Users/amoralesma/Documents/UN/servos/servos-proyecto/uros_ws/uros_ws/install/micro_ros_setup/./config/freertos/nucleo_f446ze/client_uros_packages.repos
[1.430s] -- Installing: /Users/amoralesma/Documents/UN/servos/servos-proyecto/uros_ws/uros_ws/install/micro_ros_setup/./config/freertos/nucleo_f446ze/create.sh
[1.430s] -- Installing: /Users/amoralesma/Documents/UN/servos/servos-proyecto/uros_ws/uros_ws/install/micro_ros_setup/./config/freertos/nucleo_f446ze/configure.sh
[1.431s] -- Installing: /Users/amoralesma/Documents/UN/servos/servos-proyecto/uros_ws/uros_ws/install/micro_ros_setup/./config/freertos/nucleo_f446ze/client-colcon.meta
[1.431s] -- Installing: /Users/amoralesma/Documents/UN/servos/servos-proyecto/uros_ws/uros_ws/install/micro_ros_setup/./config/freertos/olimex-stm32-e407
[1.431s] -- Installing: /Users/amoralesma/Documents/UN/servos/servos-proyecto/uros_ws/uros_ws/install/micro_ros_setup/./config/freertos/olimex-stm32-e407/flash.sh
[1.431s] -- Installing: /Users/amoralesma/Documents/UN/servos/servos-proyecto/uros_ws/uros_ws/install/micro_ros_setup/./config/freertos/olimex-stm32-e407/package.xml
[1.431s] -- Installing: /Users/amoralesma/Documents/UN/servos/servos-proyecto/uros_ws/uros_ws/install/micro_ros_setup/./config/freertos/olimex-stm32-e407/build.sh
[1.431s] -- Installing: /Users/amoralesma/Documents/UN/servos/servos-proyecto/uros_ws/uros_ws/install/micro_ros_setup/./config/freertos/olimex-stm32-e407/board.repos
[1.432s] -- Installing: /Users/amoralesma/Documents/UN/servos/servos-proyecto/uros_ws/uros_ws/install/micro_ros_setup/./config/freertos/olimex-stm32-e407/client_uros_packages.repos
[1.432s] -- Installing: /Users/amoralesma/Documents/UN/servos/servos-proyecto/uros_ws/uros_ws/install/micro_ros_setup/./config/freertos/olimex-stm32-e407/create.sh
[1.432s] -- Installing: /Users/amoralesma/Documents/UN/servos/servos-proyecto/uros_ws/uros_ws/install/micro_ros_setup/./config/freertos/olimex-stm32-e407/configure.sh
[1.432s] -- Installing: /Users/amoralesma/Documents/UN/servos/servos-proyecto/uros_ws/uros_ws/install/micro_ros_setup/./config/freertos/olimex-stm32-e407/client-colcon.meta
[1.432s] -- Installing: /Users/amoralesma/Documents/UN/servos/servos-proyecto/uros_ws/uros_ws/install/micro_ros_setup/./config/freertos/list_apps.sh
[1.433s] -- Installing: /Users/amoralesma/Documents/UN/servos/servos-proyecto/uros_ws/uros_ws/install/micro_ros_setup/./config/freertos/esp32
[1.433s] -- Installing: /Users/amoralesma/Documents/UN/servos/servos-proyecto/uros_ws/uros_ws/install/micro_ros_setup/./config/freertos/esp32/flash.sh
[1.433s] -- Installing: /Users/amoralesma/Documents/UN/servos/servos-proyecto/uros_ws/uros_ws/install/micro_ros_setup/./config/freertos/esp32/package.xml
[1.433s] -- Installing: /Users/amoralesma/Documents/UN/servos/servos-proyecto/uros_ws/uros_ws/install/micro_ros_setup/./config/freertos/esp32/README.md
[1.433s] -- Installing: /Users/amoralesma/Documents/UN/servos/servos-proyecto/uros_ws/uros_ws/install/micro_ros_setup/./config/freertos/esp32/build.sh
[1.434s] -- Installing: /Users/amoralesma/Documents/UN/servos/servos-proyecto/uros_ws/uros_ws/install/micro_ros_setup/./config/freertos/esp32/board.repos
[1.434s] -- Installing: /Users/amoralesma/Documents/UN/servos/servos-proyecto/uros_ws/uros_ws/install/micro_ros_setup/./config/freertos/esp32/client_uros_packages.repos
[1.434s] -- Installing: /Users/amoralesma/Documents/UN/servos/servos-proyecto/uros_ws/uros_ws/install/micro_ros_setup/./config/freertos/esp32/create.sh
[1.434s] -- Installing: /Users/amoralesma/Documents/UN/servos/servos-proyecto/uros_ws/uros_ws/install/micro_ros_setup/./config/freertos/esp32/configure.sh
[1.434s] -- Installing: /Users/amoralesma/Documents/UN/servos/servos-proyecto/uros_ws/uros_ws/install/micro_ros_setup/./config/freertos/esp32/client-colcon.meta
[1.434s] -- Installing: /Users/amoralesma/Documents/UN/servos/servos-proyecto/uros_ws/uros_ws/install/micro_ros_setup/./config/freertos/nucleo_f767zi
[1.435s] -- Installing: /Users/amoralesma/Documents/UN/servos/servos-proyecto/uros_ws/uros_ws/install/micro_ros_setup/./config/freertos/nucleo_f767zi/flash.sh
[1.435s] -- Installing: /Users/amoralesma/Documents/UN/servos/servos-proyecto/uros_ws/uros_ws/install/micro_ros_setup/./config/freertos/nucleo_f767zi/package.xml
[1.435s] -- Installing: /Users/amoralesma/Documents/UN/servos/servos-proyecto/uros_ws/uros_ws/install/micro_ros_setup/./config/freertos/nucleo_f767zi/build.sh
[1.435s] -- Installing: /Users/amoralesma/Documents/UN/servos/servos-proyecto/uros_ws/uros_ws/install/micro_ros_setup/./config/freertos/nucleo_f767zi/board.repos
[1.435s] -- Installing: /Users/amoralesma/Documents/UN/servos/servos-proyecto/uros_ws/uros_ws/install/micro_ros_setup/./config/freertos/nucleo_f767zi/client_uros_packages.repos
[1.436s] -- Installing: /Users/amoralesma/Documents/UN/servos/servos-proyecto/uros_ws/uros_ws/install/micro_ros_setup/./config/freertos/nucleo_f767zi/create.sh
[1.436s] -- Installing: /Users/amoralesma/Documents/UN/servos/servos-proyecto/uros_ws/uros_ws/install/micro_ros_setup/./config/freertos/nucleo_f767zi/configure.sh
[1.436s] -- Installing: /Users/amoralesma/Documents/UN/servos/servos-proyecto/uros_ws/uros_ws/install/micro_ros_setup/./config/freertos/nucleo_f767zi/client-colcon.meta
[1.436s] -- Installing: /Users/amoralesma/Documents/UN/servos/servos-proyecto/uros_ws/uros_ws/install/micro_ros_setup/./config/freertos/dev_ros2_packages.txt
[1.436s] -- Installing: /Users/amoralesma/Documents/UN/servos/servos-proyecto/uros_ws/uros_ws/install/micro_ros_setup/./config/freertos/nucleo_f746zg
[1.437s] -- Installing: /Users/amoralesma/Documents/UN/servos/servos-proyecto/uros_ws/uros_ws/install/micro_ros_setup/./config/freertos/nucleo_f746zg/flash.sh
[1.437s] -- Installing: /Users/amoralesma/Documents/UN/servos/servos-proyecto/uros_ws/uros_ws/install/micro_ros_setup/./config/freertos/nucleo_f746zg/package.xml
[1.437s] -- Installing: /Users/amoralesma/Documents/UN/servos/servos-proyecto/uros_ws/uros_ws/install/micro_ros_setup/./config/freertos/nucleo_f746zg/build.sh
[1.437s] -- Installing: /Users/amoralesma/Documents/UN/servos/servos-proyecto/uros_ws/uros_ws/install/micro_ros_setup/./config/freertos/nucleo_f746zg/board.repos
[1.437s] -- Installing: /Users/amoralesma/Documents/UN/servos/servos-proyecto/uros_ws/uros_ws/install/micro_ros_setup/./config/freertos/nucleo_f746zg/client_uros_packages.repos
[1.437s] -- Installing: /Users/amoralesma/Documents/UN/servos/servos-proyecto/uros_ws/uros_ws/install/micro_ros_setup/./config/freertos/nucleo_f746zg/create.sh
[1.438s] -- Installing: /Users/amoralesma/Documents/UN/servos/servos-proyecto/uros_ws/uros_ws/install/micro_ros_setup/./config/freertos/nucleo_f746zg/configure.sh
[1.438s] -- Installing: /Users/amoralesma/Documents/UN/servos/servos-proyecto/uros_ws/uros_ws/install/micro_ros_setup/./config/freertos/nucleo_f746zg/client-colcon.meta
[1.438s] -- Installing: /Users/amoralesma/Documents/UN/servos/servos-proyecto/uros_ws/uros_ws/install/micro_ros_setup/./config/freertos/crazyflie21
[1.438s] -- Installing: /Users/amoralesma/Documents/UN/servos/servos-proyecto/uros_ws/uros_ws/install/micro_ros_setup/./config/freertos/crazyflie21/flash.sh
[1.438s] -- Installing: /Users/amoralesma/Documents/UN/servos/servos-proyecto/uros_ws/uros_ws/install/micro_ros_setup/./config/freertos/crazyflie21/package.xml
[1.438s] -- Installing: /Users/amoralesma/Documents/UN/servos/servos-proyecto/uros_ws/uros_ws/install/micro_ros_setup/./config/freertos/crazyflie21/build.sh
[1.438s] -- Installing: /Users/amoralesma/Documents/UN/servos/servos-proyecto/uros_ws/uros_ws/install/micro_ros_setup/./config/freertos/crazyflie21/board.repos
[1.438s] -- Installing: /Users/amoralesma/Documents/UN/servos/servos-proyecto/uros_ws/uros_ws/install/micro_ros_setup/./config/freertos/crazyflie21/client_uros_packages.repos
[1.438s] -- Installing: /Users/amoralesma/Documents/UN/servos/servos-proyecto/uros_ws/uros_ws/install/micro_ros_setup/./config/freertos/crazyflie21/create.sh
[1.439s] -- Installing: /Users/amoralesma/Documents/UN/servos/servos-proyecto/uros_ws/uros_ws/install/micro_ros_setup/./config/freertos/crazyflie21/configure.sh
[1.439s] -- Installing: /Users/amoralesma/Documents/UN/servos/servos-proyecto/uros_ws/uros_ws/install/micro_ros_setup/./config/freertos/crazyflie21/client-colcon.meta
[1.439s] -- Installing: /Users/amoralesma/Documents/UN/servos/servos-proyecto/uros_ws/uros_ws/install/micro_ros_setup/./config/freertos/nucleo_f446re
[1.439s] -- Installing: /Users/amoralesma/Documents/UN/servos/servos-proyecto/uros_ws/uros_ws/install/micro_ros_setup/./config/freertos/nucleo_f446re/flash.sh
[1.439s] -- Installing: /Users/amoralesma/Documents/UN/servos/servos-proyecto/uros_ws/uros_ws/install/micro_ros_setup/./config/freertos/nucleo_f446re/package.xml
[1.439s] -- Installing: /Users/amoralesma/Documents/UN/servos/servos-proyecto/uros_ws/uros_ws/install/micro_ros_setup/./config/freertos/nucleo_f446re/build.sh
[1.439s] -- Installing: /Users/amoralesma/Documents/UN/servos/servos-proyecto/uros_ws/uros_ws/install/micro_ros_setup/./config/freertos/nucleo_f446re/board.repos
[1.439s] -- Installing: /Users/amoralesma/Documents/UN/servos/servos-proyecto/uros_ws/uros_ws/install/micro_ros_setup/./config/freertos/nucleo_f446re/client_uros_packages.repos
[1.440s] -- Installing: /Users/amoralesma/Documents/UN/servos/servos-proyecto/uros_ws/uros_ws/install/micro_ros_setup/./config/freertos/nucleo_f446re/create.sh
[1.440s] -- Installing: /Users/amoralesma/Documents/UN/servos/servos-proyecto/uros_ws/uros_ws/install/micro_ros_setup/./config/freertos/nucleo_f446re/configure.sh
[1.440s] -- Installing: /Users/amoralesma/Documents/UN/servos/servos-proyecto/uros_ws/uros_ws/install/micro_ros_setup/./config/freertos/nucleo_f446re/client-colcon.meta
[1.440s] -- Installing: /Users/amoralesma/Documents/UN/servos/servos-proyecto/uros_ws/uros_ws/install/micro_ros_setup/./config/mbed
[1.440s] -- Installing: /Users/amoralesma/Documents/UN/servos/servos-proyecto/uros_ws/uros_ws/install/micro_ros_setup/./config/mbed/dev_uros_packages.repos
[1.440s] -- Installing: /Users/amoralesma/Documents/UN/servos/servos-proyecto/uros_ws/uros_ws/install/micro_ros_setup/./config/mbed/list_apps.sh
[1.441s] -- Installing: /Users/amoralesma/Documents/UN/servos/servos-proyecto/uros_ws/uros_ws/install/micro_ros_setup/./config/mbed/dev_ros2_packages.txt
[1.441s] -- Installing: /Users/amoralesma/Documents/UN/servos/servos-proyecto/uros_ws/uros_ws/install/micro_ros_setup/./config/mbed/generic
[1.441s] -- Installing: /Users/amoralesma/Documents/UN/servos/servos-proyecto/uros_ws/uros_ws/install/micro_ros_setup/./config/mbed/generic/flash.sh
[1.441s] -- Installing: /Users/amoralesma/Documents/UN/servos/servos-proyecto/uros_ws/uros_ws/install/micro_ros_setup/./config/mbed/generic/package.xml
[1.441s] -- Installing: /Users/amoralesma/Documents/UN/servos/servos-proyecto/uros_ws/uros_ws/install/micro_ros_setup/./config/mbed/generic/supported_platforms
[1.441s] -- Installing: /Users/amoralesma/Documents/UN/servos/servos-proyecto/uros_ws/uros_ws/install/micro_ros_setup/./config/mbed/generic/build.sh
[1.442s] -- Installing: /Users/amoralesma/Documents/UN/servos/servos-proyecto/uros_ws/uros_ws/install/micro_ros_setup/./config/mbed/generic/board.repos
[1.442s] -- Installing: /Users/amoralesma/Documents/UN/servos/servos-proyecto/uros_ws/uros_ws/install/micro_ros_setup/./config/mbed/generic/client_uros_packages.repos
[1.442s] -- Installing: /Users/amoralesma/Documents/UN/servos/servos-proyecto/uros_ws/uros_ws/install/micro_ros_setup/./config/mbed/generic/create.sh
[1.442s] -- Installing: /Users/amoralesma/Documents/UN/servos/servos-proyecto/uros_ws/uros_ws/install/micro_ros_setup/./config/agent_ros2_packages.txt
[1.442s] -- Installing: /Users/amoralesma/Documents/UN/servos/servos-proyecto/uros_ws/uros_ws/install/micro_ros_setup/./config/client_uros_packages.repos
[1.443s] -- Installing: /Users/amoralesma/Documents/UN/servos/servos-proyecto/uros_ws/uros_ws/install/micro_ros_setup/./config/android
[1.443s] -- Installing: /Users/amoralesma/Documents/UN/servos/servos-proyecto/uros_ws/uros_ws/install/micro_ros_setup/./config/android/dev_uros_packages.repos
[1.443s] -- Installing: /Users/amoralesma/Documents/UN/servos/servos-proyecto/uros_ws/uros_ws/install/micro_ros_setup/./config/android/dev_ros2_packages.txt
[1.443s] -- Installing: /Users/amoralesma/Documents/UN/servos/servos-proyecto/uros_ws/uros_ws/install/micro_ros_setup/./config/android/generic
[1.443s] -- Installing: /Users/amoralesma/Documents/UN/servos/servos-proyecto/uros_ws/uros_ws/install/micro_ros_setup/./config/android/generic/flash.sh
[1.443s] -- Installing: /Users/amoralesma/Documents/UN/servos/servos-proyecto/uros_ws/uros_ws/install/micro_ros_setup/./config/android/generic/package.xml
[1.444s] -- Installing: /Users/amoralesma/Documents/UN/servos/servos-proyecto/uros_ws/uros_ws/install/micro_ros_setup/./config/android/generic/build.sh
[1.444s] -- Installing: /Users/amoralesma/Documents/UN/servos/servos-proyecto/uros_ws/uros_ws/install/micro_ros_setup/./config/android/generic/client_uros_packages.repos
[1.444s] -- Installing: /Users/amoralesma/Documents/UN/servos/servos-proyecto/uros_ws/uros_ws/install/micro_ros_setup/./config/android/generic/create.sh
[1.444s] -- Installing: /Users/amoralesma/Documents/UN/servos/servos-proyecto/uros_ws/uros_ws/install/micro_ros_setup/./config/android/generic/client-colcon.meta
[1.444s] -- Installing: /Users/amoralesma/Documents/UN/servos/servos-proyecto/uros_ws/uros_ws/install/micro_ros_setup/./config/client_ros2_packages.txt
[1.445s] -- Installing: /Users/amoralesma/Documents/UN/servos/servos-proyecto/uros_ws/uros_ws/install/micro_ros_setup/./config/renesas_ra
[1.445s] -- Installing: /Users/amoralesma/Documents/UN/servos/servos-proyecto/uros_ws/uros_ws/install/micro_ros_setup/./config/renesas_ra/dev_uros_packages.repos
[1.445s] -- Installing: /Users/amoralesma/Documents/UN/servos/servos-proyecto/uros_ws/uros_ws/install/micro_ros_setup/./config/renesas_ra/list_apps.sh
[1.445s] -- Installing: /Users/amoralesma/Documents/UN/servos/servos-proyecto/uros_ws/uros_ws/install/micro_ros_setup/./config/renesas_ra/ra6m5
[1.445s] -- Installing: /Users/amoralesma/Documents/UN/servos/servos-proyecto/uros_ws/uros_ws/install/micro_ros_setup/./config/renesas_ra/ra6m5/flash.sh
[1.445s] -- Installing: /Users/amoralesma/Documents/UN/servos/servos-proyecto/uros_ws/uros_ws/install/micro_ros_setup/./config/renesas_ra/ra6m5/build.sh
[1.445s] -- Installing: /Users/amoralesma/Documents/UN/servos/servos-proyecto/uros_ws/uros_ws/install/micro_ros_setup/./config/renesas_ra/ra6m5/board.repos
[1.446s] -- Installing: /Users/amoralesma/Documents/UN/servos/servos-proyecto/uros_ws/uros_ws/install/micro_ros_setup/./config/renesas_ra/ra6m5/client_uros_packages.repos
[1.446s] -- Installing: /Users/amoralesma/Documents/UN/servos/servos-proyecto/uros_ws/uros_ws/install/micro_ros_setup/./config/renesas_ra/ra6m5/create.sh
[1.446s] -- Installing: /Users/amoralesma/Documents/UN/servos/servos-proyecto/uros_ws/uros_ws/install/micro_ros_setup/./config/renesas_ra/ra6m5/configure.sh
[1.446s] -- Installing: /Users/amoralesma/Documents/UN/servos/servos-proyecto/uros_ws/uros_ws/install/micro_ros_setup/./config/renesas_ra/ra6m5/client-colcon.meta
[1.446s] -- Installing: /Users/amoralesma/Documents/UN/servos/servos-proyecto/uros_ws/uros_ws/install/micro_ros_setup/./config/renesas_ra/dev_ros2_packages.txt
[1.446s] -- Installing: /Users/amoralesma/Documents/UN/servos/servos-proyecto/uros_ws/uros_ws/install/micro_ros_setup/./config/zephyr
[1.446s] -- Installing: /Users/amoralesma/Documents/UN/servos/servos-proyecto/uros_ws/uros_ws/install/micro_ros_setup/./config/zephyr/dev_uros_packages.repos
[1.447s] -- Installing: /Users/amoralesma/Documents/UN/servos/servos-proyecto/uros_ws/uros_ws/install/micro_ros_setup/./config/zephyr/list_apps.sh
[1.447s] -- Installing: /Users/amoralesma/Documents/UN/servos/servos-proyecto/uros_ws/uros_ws/install/micro_ros_setup/./config/zephyr/dev_ros2_packages.txt
[1.447s] -- Installing: /Users/amoralesma/Documents/UN/servos/servos-proyecto/uros_ws/uros_ws/install/micro_ros_setup/./config/zephyr/generic
[1.447s] -- Installing: /Users/amoralesma/Documents/UN/servos/servos-proyecto/uros_ws/uros_ws/install/micro_ros_setup/./config/zephyr/generic/flash.sh
[1.447s] -- Installing: /Users/amoralesma/Documents/UN/servos/servos-proyecto/uros_ws/uros_ws/install/micro_ros_setup/./config/zephyr/generic/package.xml
[1.448s] -- Installing: /Users/amoralesma/Documents/UN/servos/servos-proyecto/uros_ws/uros_ws/install/micro_ros_setup/./config/zephyr/generic/supported_platforms
[1.448s] -- Installing: /Users/amoralesma/Documents/UN/servos/servos-proyecto/uros_ws/uros_ws/install/micro_ros_setup/./config/zephyr/generic/build.sh
[1.448s] -- Installing: /Users/amoralesma/Documents/UN/servos/servos-proyecto/uros_ws/uros_ws/install/micro_ros_setup/./config/zephyr/generic/board.repos
[1.448s] -- Installing: /Users/amoralesma/Documents/UN/servos/servos-proyecto/uros_ws/uros_ws/install/micro_ros_setup/./config/zephyr/generic/client_uros_packages.repos
[1.448s] -- Installing: /Users/amoralesma/Documents/UN/servos/servos-proyecto/uros_ws/uros_ws/install/micro_ros_setup/./config/zephyr/generic/create.sh
[1.448s] -- Installing: /Users/amoralesma/Documents/UN/servos/servos-proyecto/uros_ws/uros_ws/install/micro_ros_setup/./config/zephyr/generic/configure.sh
[1.449s] -- Installing: /Users/amoralesma/Documents/UN/servos/servos-proyecto/uros_ws/uros_ws/install/micro_ros_setup/./config/zephyr/generic/client-colcon.meta
[1.449s] -- Installing: /Users/amoralesma/Documents/UN/servos/servos-proyecto/uros_ws/uros_ws/install/micro_ros_setup/lib/micro_ros_setup/create_ws.sh
[1.449s] -- Installing: /Users/amoralesma/Documents/UN/servos/servos-proyecto/uros_ws/uros_ws/install/micro_ros_setup/lib/micro_ros_setup/create_agent_ws.sh
[1.449s] -- Installing: /Users/amoralesma/Documents/UN/servos/servos-proyecto/uros_ws/uros_ws/install/micro_ros_setup/lib/micro_ros_setup/create_firmware_ws.sh
[1.449s] -- Installing: /Users/amoralesma/Documents/UN/servos/servos-proyecto/uros_ws/uros_ws/install/micro_ros_setup/lib/micro_ros_setup/configure_firmware.sh
[1.450s] -- Installing: /Users/amoralesma/Documents/UN/servos/servos-proyecto/uros_ws/uros_ws/install/micro_ros_setup/lib/micro_ros_setup/flash_firmware.sh
[1.450s] -- Installing: /Users/amoralesma/Documents/UN/servos/servos-proyecto/uros_ws/uros_ws/install/micro_ros_setup/lib/micro_ros_setup/build_firmware.sh
[1.450s] -- Installing: /Users/amoralesma/Documents/UN/servos/servos-proyecto/uros_ws/uros_ws/install/micro_ros_setup/lib/micro_ros_setup/build_agent.sh
[1.450s] -- Installing: /Users/amoralesma/Documents/UN/servos/servos-proyecto/uros_ws/uros_ws/install/micro_ros_setup/lib/micro_ros_setup/yaml_filter.py
[1.450s] -- Installing: /Users/amoralesma/Documents/UN/servos/servos-proyecto/uros_ws/uros_ws/install/micro_ros_setup/lib/micro_ros_setup/clean_env.sh
[1.450s] -- Installing: /Users/amoralesma/Documents/UN/servos/servos-proyecto/uros_ws/uros_ws/install/micro_ros_setup/lib/micro_ros_setup/component
[1.451s] Invoked command in '/Users/amoralesma/Documents/UN/servos/servos-proyecto/uros_ws/uros_ws/build/micro_ros_setup' returned '0': CONDA_PROMPT_MODIFIER=(humble) SHLVL=2 _=/Users/amoralesma/conda/envs/humble/bin/env __CF_USER_TEXT_ENCODING=0x1F5:0x0:0x2 /Users/amoralesma/conda/envs/humble/bin/cmake --install /Users/amoralesma/Documents/UN/servos/servos-proyecto/uros_ws/uros_ws/build/micro_ros_setup
