[0.013s] Invoking command in '/Users/amoralesma/Documents/UN/servos/servos-proyecto/uros_ws/build/micro_ros_setup': CONDA_PROMPT_MODIFIER=(humble) SHLVL=2 _=/Users/amoralesma/conda/envs/humble/bin/env __CF_USER_TEXT_ENCODING=0x1F5:0x0:0x2 /Users/amoralesma/conda/envs/humble/bin/cmake /Users/amoralesma/Documents/UN/servos/servos-proyecto/uros_ws/src/micro_ros_setup -DCMAKE_INSTALL_PREFIX=/Users/amoralesma/Documents/UN/servos/servos-proyecto/uros_ws/install/micro_ros_setup
[0.045s] CMake Deprecation Warning at CMakeLists.txt:1 (cmake_minimum_required):
[0.045s]   Compatibility with CMake < 3.10 will be removed from a future version of
[0.045s]   CMake.
[0.045s] 
[0.045s]   Update the VERSION argument <min> value.  Or, use the <min>...<max> syntax
[0.045s]   to tell CMake that the project requires at least <min> but has been updated
[0.045s]   to work with policies introduced by <max> or earlier.
[0.045s] 
[0.045s] 
[0.320s] -- The C compiler identification is Clang 18.1.8
[0.447s] -- The CXX compiler identification is Clang 18.1.8
[0.471s] -- Detecting C compiler ABI info
[0.603s] -- Detecting C compiler ABI info - done
[0.606s] -- Check for working C compiler: /Users/amoralesma/conda/envs/humble/bin/arm64-apple-darwin20.0.0-clang - skipped
[0.607s] -- Detecting C compile features
[0.607s] -- Detecting C compile features - done
[0.612s] -- Detecting CXX compiler ABI info
[0.736s] -- Detecting CXX compiler ABI info - done
[0.739s] -- Check for working CXX compiler: /Users/amoralesma/conda/envs/humble/bin/arm64-apple-darwin20.0.0-clang++ - skipped
[0.739s] -- Detecting CXX compile features
[0.740s] -- Detecting CXX compile features - done
[0.750s] -- Found ament_cmake: 1.3.11 (/Users/amoralesma/conda/envs/humble/share/ament_cmake/cmake)
[0.828s] -- Found Python3: /Users/amoralesma/conda/envs/humble/bin/python3 (found version "3.11.12") found components: Interpreter
[0.974s] -- Found ament_lint_auto: 0.12.11 (/Users/amoralesma/conda/envs/humble/share/ament_lint_auto/cmake)
[1.087s] -- Added test 'copyright' to check source files copyright and LICENSE
[1.101s] -- Added test 'flake8' to check Python code syntax and style conventions
[1.103s] -- Added test 'lint_cmake' to check CMake code style
[1.104s] -- Added test 'pep257' to check Python code against some of the docstring style conventions in PEP 257
[1.111s] -- Added test 'xmllint' to check XML markup files
[1.112s] -- Configuring done (1.1s)
[1.121s] -- Generating done (0.0s)
[1.121s] -- Build files have been written to: /Users/amoralesma/Documents/UN/servos/servos-proyecto/uros_ws/build/micro_ros_setup
[1.123s] Invoked command in '/Users/amoralesma/Documents/UN/servos/servos-proyecto/uros_ws/build/micro_ros_setup' returned '0': CONDA_PROMPT_MODIFIER=(humble) SHLVL=2 _=/Users/amoralesma/conda/envs/humble/bin/env __CF_USER_TEXT_ENCODING=0x1F5:0x0:0x2 /Users/amoralesma/conda/envs/humble/bin/cmake /Users/amoralesma/Documents/UN/servos/servos-proyecto/uros_ws/src/micro_ros_setup -DCMAKE_INSTALL_PREFIX=/Users/amoralesma/Documents/UN/servos/servos-proyecto/uros_ws/install/micro_ros_setup
[1.125s] Invoking command in '/Users/amoralesma/Documents/UN/servos/servos-proyecto/uros_ws/build/micro_ros_setup': CONDA_PROMPT_MODIFIER=(humble) SHLVL=2 _=/Users/amoralesma/conda/envs/humble/bin/env __CF_USER_TEXT_ENCODING=0x1F5:0x0:0x2 /Users/amoralesma/conda/envs/humble/bin/cmake --build /Users/amoralesma/Documents/UN/servos/servos-proyecto/uros_ws/build/micro_ros_setup -- -j10 -l10
[1.163s] Invoked command in '/Users/amoralesma/Documents/UN/servos/servos-proyecto/uros_ws/build/micro_ros_setup' returned '0': CONDA_PROMPT_MODIFIER=(humble) SHLVL=2 _=/Users/amoralesma/conda/envs/humble/bin/env __CF_USER_TEXT_ENCODING=0x1F5:0x0:0x2 /Users/amoralesma/conda/envs/humble/bin/cmake --build /Users/amoralesma/Documents/UN/servos/servos-proyecto/uros_ws/build/micro_ros_setup -- -j10 -l10
[1.219s] Invoking command in '/Users/amoralesma/Documents/UN/servos/servos-proyecto/uros_ws/build/micro_ros_setup': CONDA_PROMPT_MODIFIER=(humble) SHLVL=2 _=/Users/amoralesma/conda/envs/humble/bin/env __CF_USER_TEXT_ENCODING=0x1F5:0x0:0x2 /Users/amoralesma/conda/envs/humble/bin/cmake --install /Users/amoralesma/Documents/UN/servos/servos-proyecto/uros_ws/build/micro_ros_setup
[1.227s] -- Install configuration: ""
[1.227s] -- Installing: /Users/amoralesma/Documents/UN/servos/servos-proyecto/uros_ws/install/micro_ros_setup/share/ament_index/resource_index/package_run_dependencies/micro_ros_setup
[1.228s] -- Installing: /Users/amoralesma/Documents/UN/servos/servos-proyecto/uros_ws/install/micro_ros_setup/share/ament_index/resource_index/parent_prefix_path/micro_ros_setup
[1.228s] -- Installing: /Users/amoralesma/Documents/UN/servos/servos-proyecto/uros_ws/install/micro_ros_setup/share/micro_ros_setup/environment/ament_prefix_path.sh
[1.228s] -- Installing: /Users/amoralesma/Documents/UN/servos/servos-proyecto/uros_ws/install/micro_ros_setup/share/micro_ros_setup/environment/ament_prefix_path.dsv
[1.228s] -- Installing: /Users/amoralesma/Documents/UN/servos/servos-proyecto/uros_ws/install/micro_ros_setup/share/micro_ros_setup/environment/path.sh
[1.228s] -- Installing: /Users/amoralesma/Documents/UN/servos/servos-proyecto/uros_ws/install/micro_ros_setup/share/micro_ros_setup/environment/path.dsv
[1.229s] -- Installing: /Users/amoralesma/Documents/UN/servos/servos-proyecto/uros_ws/install/micro_ros_setup/share/micro_ros_setup/local_setup.bash
[1.229s] -- Installing: /Users/amoralesma/Documents/UN/servos/servos-proyecto/uros_ws/install/micro_ros_setup/share/micro_ros_setup/local_setup.sh
[1.229s] -- Installing: /Users/amoralesma/Documents/UN/servos/servos-proyecto/uros_ws/install/micro_ros_setup/share/micro_ros_setup/local_setup.zsh
[1.229s] -- Installing: /Users/amoralesma/Documents/UN/servos/servos-proyecto/uros_ws/install/micro_ros_setup/share/micro_ros_setup/local_setup.dsv
[1.229s] -- Installing: /Users/amoralesma/Documents/UN/servos/servos-proyecto/uros_ws/install/micro_ros_setup/share/micro_ros_setup/package.dsv
[1.230s] -- Installing: /Users/amoralesma/Documents/UN/servos/servos-proyecto/uros_ws/install/micro_ros_setup/share/ament_index/resource_index/packages/micro_ros_setup
[1.230s] -- Installing: /Users/amoralesma/Documents/UN/servos/servos-proyecto/uros_ws/install/micro_ros_setup/share/micro_ros_setup/cmake/micro_ros_setupConfig.cmake
[1.230s] -- Installing: /Users/amoralesma/Documents/UN/servos/servos-proyecto/uros_ws/install/micro_ros_setup/share/micro_ros_setup/cmake/micro_ros_setupConfig-version.cmake
[1.230s] -- Installing: /Users/amoralesma/Documents/UN/servos/servos-proyecto/uros_ws/install/micro_ros_setup/share/micro_ros_setup/package.xml
[1.230s] -- Installing: /Users/amoralesma/Documents/UN/servos/servos-proyecto/uros_ws/install/micro_ros_setup/./config
[1.231s] -- Installing: /Users/amoralesma/Documents/UN/servos/servos-proyecto/uros_ws/install/micro_ros_setup/./config/utils.sh
[1.231s] -- Installing: /Users/amoralesma/Documents/UN/servos/servos-proyecto/uros_ws/install/micro_ros_setup/./config/agent_uros_packages.repos
[1.231s] -- Installing: /Users/amoralesma/Documents/UN/servos/servos-proyecto/uros_ws/install/micro_ros_setup/./config/generate_lib
[1.231s] -- Installing: /Users/amoralesma/Documents/UN/servos/servos-proyecto/uros_ws/install/micro_ros_setup/./config/generate_lib/dev_uros_packages.repos
[1.231s] -- Installing: /Users/amoralesma/Documents/UN/servos/servos-proyecto/uros_ws/install/micro_ros_setup/./config/generate_lib/dev_ros2_packages.txt
[1.231s] -- Installing: /Users/amoralesma/Documents/UN/servos/servos-proyecto/uros_ws/install/micro_ros_setup/./config/generate_lib/generic
[1.231s] -- Installing: /Users/amoralesma/Documents/UN/servos/servos-proyecto/uros_ws/install/micro_ros_setup/./config/generate_lib/generic/flash.sh
[1.232s] -- Installing: /Users/amoralesma/Documents/UN/servos/servos-proyecto/uros_ws/install/micro_ros_setup/./config/generate_lib/generic/package.xml
[1.232s] -- Installing: /Users/amoralesma/Documents/UN/servos/servos-proyecto/uros_ws/install/micro_ros_setup/./config/generate_lib/generic/demo_toolchain.cmake
[1.232s] -- Installing: /Users/amoralesma/Documents/UN/servos/servos-proyecto/uros_ws/install/micro_ros_setup/./config/generate_lib/generic/build.sh
[1.232s] -- Installing: /Users/amoralesma/Documents/UN/servos/servos-proyecto/uros_ws/install/micro_ros_setup/./config/generate_lib/generic/client_uros_packages.repos
[1.232s] -- Installing: /Users/amoralesma/Documents/UN/servos/servos-proyecto/uros_ws/install/micro_ros_setup/./config/generate_lib/generic/create.sh
[1.233s] -- Installing: /Users/amoralesma/Documents/UN/servos/servos-proyecto/uros_ws/install/micro_ros_setup/./config/generate_lib/generic/client-colcon.meta
[1.233s] -- Installing: /Users/amoralesma/Documents/UN/servos/servos-proyecto/uros_ws/install/micro_ros_setup/./config/host
[1.233s] -- Installing: /Users/amoralesma/Documents/UN/servos/servos-proyecto/uros_ws/install/micro_ros_setup/./config/host/dev_uros_packages.repos
[1.233s] -- Installing: /Users/amoralesma/Documents/UN/servos/servos-proyecto/uros_ws/install/micro_ros_setup/./config/host/client_ros2_packages.txt
[1.233s] -- Installing: /Users/amoralesma/Documents/UN/servos/servos-proyecto/uros_ws/install/micro_ros_setup/./config/host/dev_ros2_packages.txt
[1.233s] -- Installing: /Users/amoralesma/Documents/UN/servos/servos-proyecto/uros_ws/install/micro_ros_setup/./config/host/generic
[1.233s] -- Installing: /Users/amoralesma/Documents/UN/servos/servos-proyecto/uros_ws/install/micro_ros_setup/./config/host/generic/client_host_packages.repos
[1.234s] -- Installing: /Users/amoralesma/Documents/UN/servos/servos-proyecto/uros_ws/install/micro_ros_setup/./config/host/generic/flash.sh
[1.234s] -- Installing: /Users/amoralesma/Documents/UN/servos/servos-proyecto/uros_ws/install/micro_ros_setup/./config/host/generic/package.xml
[1.234s] -- Installing: /Users/amoralesma/Documents/UN/servos/servos-proyecto/uros_ws/install/micro_ros_setup/./config/host/generic/build.sh
[1.234s] -- Installing: /Users/amoralesma/Documents/UN/servos/servos-proyecto/uros_ws/install/micro_ros_setup/./config/host/generic/client-host-colcon.meta
[1.235s] -- Installing: /Users/amoralesma/Documents/UN/servos/servos-proyecto/uros_ws/install/micro_ros_setup/./config/host/generic/create.sh
[1.235s] -- Installing: /Users/amoralesma/Documents/UN/servos/servos-proyecto/uros_ws/install/micro_ros_setup/./config/raspbian
[1.235s] -- Installing: /Users/amoralesma/Documents/UN/servos/servos-proyecto/uros_ws/install/micro_ros_setup/./config/raspbian/dev_uros_packages.repos
[1.235s] -- Installing: /Users/amoralesma/Documents/UN/servos/servos-proyecto/uros_ws/install/micro_ros_setup/./config/raspbian/dev_ros2_packages.txt
[1.235s] -- Installing: /Users/amoralesma/Documents/UN/servos/servos-proyecto/uros_ws/install/micro_ros_setup/./config/raspbian/generic
[1.235s] -- Installing: /Users/amoralesma/Documents/UN/servos/servos-proyecto/uros_ws/install/micro_ros_setup/./config/raspbian/generic/flash.sh
[1.235s] -- Installing: /Users/amoralesma/Documents/UN/servos/servos-proyecto/uros_ws/install/micro_ros_setup/./config/raspbian/generic/supported_platforms
[1.236s] -- Installing: /Users/amoralesma/Documents/UN/servos/servos-proyecto/uros_ws/install/micro_ros_setup/./config/raspbian/generic/build.sh
[1.236s] -- Installing: /Users/amoralesma/Documents/UN/servos/servos-proyecto/uros_ws/install/micro_ros_setup/./config/raspbian/generic/client_uros_packages.repos
[1.236s] -- Installing: /Users/amoralesma/Documents/UN/servos/servos-proyecto/uros_ws/install/micro_ros_setup/./config/raspbian/generic/create.sh
[1.236s] -- Installing: /Users/amoralesma/Documents/UN/servos/servos-proyecto/uros_ws/install/micro_ros_setup/./config/raspbian/generic/configure.sh
[1.236s] -- Installing: /Users/amoralesma/Documents/UN/servos/servos-proyecto/uros_ws/install/micro_ros_setup/./config/raspbian/generic/client-colcon.meta
[1.237s] -- Installing: /Users/amoralesma/Documents/UN/servos/servos-proyecto/uros_ws/install/micro_ros_setup/./config/freertos
[1.237s] -- Installing: /Users/amoralesma/Documents/UN/servos/servos-proyecto/uros_ws/install/micro_ros_setup/./config/freertos/dev_uros_packages.repos
[1.237s] -- Installing: /Users/amoralesma/Documents/UN/servos/servos-proyecto/uros_ws/install/micro_ros_setup/./config/freertos/nucleo_f446ze
[1.237s] -- Installing: /Users/amoralesma/Documents/UN/servos/servos-proyecto/uros_ws/install/micro_ros_setup/./config/freertos/nucleo_f446ze/flash.sh
[1.237s] -- Installing: /Users/amoralesma/Documents/UN/servos/servos-proyecto/uros_ws/install/micro_ros_setup/./config/freertos/nucleo_f446ze/package.xml
[1.237s] -- Installing: /Users/amoralesma/Documents/UN/servos/servos-proyecto/uros_ws/install/micro_ros_setup/./config/freertos/nucleo_f446ze/build.sh
[1.238s] -- Installing: /Users/amoralesma/Documents/UN/servos/servos-proyecto/uros_ws/install/micro_ros_setup/./config/freertos/nucleo_f446ze/board.repos
[1.238s] -- Installing: /Users/amoralesma/Documents/UN/servos/servos-proyecto/uros_ws/install/micro_ros_setup/./config/freertos/nucleo_f446ze/client_uros_packages.repos
[1.238s] -- Installing: /Users/amoralesma/Documents/UN/servos/servos-proyecto/uros_ws/install/micro_ros_setup/./config/freertos/nucleo_f446ze/create.sh
[1.238s] -- Installing: /Users/amoralesma/Documents/UN/servos/servos-proyecto/uros_ws/install/micro_ros_setup/./config/freertos/nucleo_f446ze/configure.sh
[1.238s] -- Installing: /Users/amoralesma/Documents/UN/servos/servos-proyecto/uros_ws/install/micro_ros_setup/./config/freertos/nucleo_f446ze/client-colcon.meta
[1.239s] -- Installing: /Users/amoralesma/Documents/UN/servos/servos-proyecto/uros_ws/install/micro_ros_setup/./config/freertos/olimex-stm32-e407
[1.239s] -- Installing: /Users/amoralesma/Documents/UN/servos/servos-proyecto/uros_ws/install/micro_ros_setup/./config/freertos/olimex-stm32-e407/flash.sh
[1.239s] -- Installing: /Users/amoralesma/Documents/UN/servos/servos-proyecto/uros_ws/install/micro_ros_setup/./config/freertos/olimex-stm32-e407/package.xml
[1.239s] -- Installing: /Users/amoralesma/Documents/UN/servos/servos-proyecto/uros_ws/install/micro_ros_setup/./config/freertos/olimex-stm32-e407/build.sh
[1.240s] -- Installing: /Users/amoralesma/Documents/UN/servos/servos-proyecto/uros_ws/install/micro_ros_setup/./config/freertos/olimex-stm32-e407/board.repos
[1.240s] -- Installing: /Users/amoralesma/Documents/UN/servos/servos-proyecto/uros_ws/install/micro_ros_setup/./config/freertos/olimex-stm32-e407/client_uros_packages.repos
[1.240s] -- Installing: /Users/amoralesma/Documents/UN/servos/servos-proyecto/uros_ws/install/micro_ros_setup/./config/freertos/olimex-stm32-e407/create.sh
[1.240s] -- Installing: /Users/amoralesma/Documents/UN/servos/servos-proyecto/uros_ws/install/micro_ros_setup/./config/freertos/olimex-stm32-e407/configure.sh
[1.240s] -- Installing: /Users/amoralesma/Documents/UN/servos/servos-proyecto/uros_ws/install/micro_ros_setup/./config/freertos/olimex-stm32-e407/client-colcon.meta
[1.241s] -- Installing: /Users/amoralesma/Documents/UN/servos/servos-proyecto/uros_ws/install/micro_ros_setup/./config/freertos/list_apps.sh
[1.241s] -- Installing: /Users/amoralesma/Documents/UN/servos/servos-proyecto/uros_ws/install/micro_ros_setup/./config/freertos/esp32
[1.241s] -- Installing: /Users/amoralesma/Documents/UN/servos/servos-proyecto/uros_ws/install/micro_ros_setup/./config/freertos/esp32/flash.sh
[1.241s] -- Installing: /Users/amoralesma/Documents/UN/servos/servos-proyecto/uros_ws/install/micro_ros_setup/./config/freertos/esp32/package.xml
[1.242s] -- Installing: /Users/amoralesma/Documents/UN/servos/servos-proyecto/uros_ws/install/micro_ros_setup/./config/freertos/esp32/README.md
[1.242s] -- Installing: /Users/amoralesma/Documents/UN/servos/servos-proyecto/uros_ws/install/micro_ros_setup/./config/freertos/esp32/build.sh
[1.242s] -- Installing: /Users/amoralesma/Documents/UN/servos/servos-proyecto/uros_ws/install/micro_ros_setup/./config/freertos/esp32/board.repos
[1.243s] -- Installing: /Users/amoralesma/Documents/UN/servos/servos-proyecto/uros_ws/install/micro_ros_setup/./config/freertos/esp32/client_uros_packages.repos
[1.243s] -- Installing: /Users/amoralesma/Documents/UN/servos/servos-proyecto/uros_ws/install/micro_ros_setup/./config/freertos/esp32/create.sh
[1.243s] -- Installing: /Users/amoralesma/Documents/UN/servos/servos-proyecto/uros_ws/install/micro_ros_setup/./config/freertos/esp32/configure.sh
[1.243s] -- Installing: /Users/amoralesma/Documents/UN/servos/servos-proyecto/uros_ws/install/micro_ros_setup/./config/freertos/esp32/client-colcon.meta
[1.244s] -- Installing: /Users/amoralesma/Documents/UN/servos/servos-proyecto/uros_ws/install/micro_ros_setup/./config/freertos/nucleo_f767zi
[1.244s] -- Installing: /Users/amoralesma/Documents/UN/servos/servos-proyecto/uros_ws/install/micro_ros_setup/./config/freertos/nucleo_f767zi/flash.sh
[1.244s] -- Installing: /Users/amoralesma/Documents/UN/servos/servos-proyecto/uros_ws/install/micro_ros_setup/./config/freertos/nucleo_f767zi/package.xml
[1.244s] -- Installing: /Users/amoralesma/Documents/UN/servos/servos-proyecto/uros_ws/install/micro_ros_setup/./config/freertos/nucleo_f767zi/build.sh
[1.245s] -- Installing: /Users/amoralesma/Documents/UN/servos/servos-proyecto/uros_ws/install/micro_ros_setup/./config/freertos/nucleo_f767zi/board.repos
[1.245s] -- Installing: /Users/amoralesma/Documents/UN/servos/servos-proyecto/uros_ws/install/micro_ros_setup/./config/freertos/nucleo_f767zi/client_uros_packages.repos
[1.245s] -- Installing: /Users/amoralesma/Documents/UN/servos/servos-proyecto/uros_ws/install/micro_ros_setup/./config/freertos/nucleo_f767zi/create.sh
[1.245s] -- Installing: /Users/amoralesma/Documents/UN/servos/servos-proyecto/uros_ws/install/micro_ros_setup/./config/freertos/nucleo_f767zi/configure.sh
[1.245s] -- Installing: /Users/amoralesma/Documents/UN/servos/servos-proyecto/uros_ws/install/micro_ros_setup/./config/freertos/nucleo_f767zi/client-colcon.meta
[1.245s] -- Installing: /Users/amoralesma/Documents/UN/servos/servos-proyecto/uros_ws/install/micro_ros_setup/./config/freertos/dev_ros2_packages.txt
[1.245s] -- Installing: /Users/amoralesma/Documents/UN/servos/servos-proyecto/uros_ws/install/micro_ros_setup/./config/freertos/nucleo_f746zg
[1.246s] -- Installing: /Users/amoralesma/Documents/UN/servos/servos-proyecto/uros_ws/install/micro_ros_setup/./config/freertos/nucleo_f746zg/flash.sh
[1.246s] -- Installing: /Users/amoralesma/Documents/UN/servos/servos-proyecto/uros_ws/install/micro_ros_setup/./config/freertos/nucleo_f746zg/package.xml
[1.246s] -- Installing: /Users/amoralesma/Documents/UN/servos/servos-proyecto/uros_ws/install/micro_ros_setup/./config/freertos/nucleo_f746zg/build.sh
[1.246s] -- Installing: /Users/amoralesma/Documents/UN/servos/servos-proyecto/uros_ws/install/micro_ros_setup/./config/freertos/nucleo_f746zg/board.repos
[1.246s] -- Installing: /Users/amoralesma/Documents/UN/servos/servos-proyecto/uros_ws/install/micro_ros_setup/./config/freertos/nucleo_f746zg/client_uros_packages.repos
[1.246s] -- Installing: /Users/amoralesma/Documents/UN/servos/servos-proyecto/uros_ws/install/micro_ros_setup/./config/freertos/nucleo_f746zg/create.sh
[1.247s] -- Installing: /Users/amoralesma/Documents/UN/servos/servos-proyecto/uros_ws/install/micro_ros_setup/./config/freertos/nucleo_f746zg/configure.sh
[1.247s] -- Installing: /Users/amoralesma/Documents/UN/servos/servos-proyecto/uros_ws/install/micro_ros_setup/./config/freertos/nucleo_f746zg/client-colcon.meta
[1.247s] -- Installing: /Users/amoralesma/Documents/UN/servos/servos-proyecto/uros_ws/install/micro_ros_setup/./config/freertos/crazyflie21
[1.247s] -- Installing: /Users/amoralesma/Documents/UN/servos/servos-proyecto/uros_ws/install/micro_ros_setup/./config/freertos/crazyflie21/flash.sh
[1.247s] -- Installing: /Users/amoralesma/Documents/UN/servos/servos-proyecto/uros_ws/install/micro_ros_setup/./config/freertos/crazyflie21/package.xml
[1.248s] -- Installing: /Users/amoralesma/Documents/UN/servos/servos-proyecto/uros_ws/install/micro_ros_setup/./config/freertos/crazyflie21/build.sh
[1.248s] -- Installing: /Users/amoralesma/Documents/UN/servos/servos-proyecto/uros_ws/install/micro_ros_setup/./config/freertos/crazyflie21/board.repos
[1.248s] -- Installing: /Users/amoralesma/Documents/UN/servos/servos-proyecto/uros_ws/install/micro_ros_setup/./config/freertos/crazyflie21/client_uros_packages.repos
[1.248s] -- Installing: /Users/amoralesma/Documents/UN/servos/servos-proyecto/uros_ws/install/micro_ros_setup/./config/freertos/crazyflie21/create.sh
[1.248s] -- Installing: /Users/amoralesma/Documents/UN/servos/servos-proyecto/uros_ws/install/micro_ros_setup/./config/freertos/crazyflie21/configure.sh
[1.249s] -- Installing: /Users/amoralesma/Documents/UN/servos/servos-proyecto/uros_ws/install/micro_ros_setup/./config/freertos/crazyflie21/client-colcon.meta
[1.249s] -- Installing: /Users/amoralesma/Documents/UN/servos/servos-proyecto/uros_ws/install/micro_ros_setup/./config/freertos/nucleo_f446re
[1.249s] -- Installing: /Users/amoralesma/Documents/UN/servos/servos-proyecto/uros_ws/install/micro_ros_setup/./config/freertos/nucleo_f446re/flash.sh
[1.249s] -- Installing: /Users/amoralesma/Documents/UN/servos/servos-proyecto/uros_ws/install/micro_ros_setup/./config/freertos/nucleo_f446re/package.xml
[1.250s] -- Installing: /Users/amoralesma/Documents/UN/servos/servos-proyecto/uros_ws/install/micro_ros_setup/./config/freertos/nucleo_f446re/build.sh
[1.250s] -- Installing: /Users/amoralesma/Documents/UN/servos/servos-proyecto/uros_ws/install/micro_ros_setup/./config/freertos/nucleo_f446re/board.repos
[1.250s] -- Installing: /Users/amoralesma/Documents/UN/servos/servos-proyecto/uros_ws/install/micro_ros_setup/./config/freertos/nucleo_f446re/client_uros_packages.repos
[1.250s] -- Installing: /Users/amoralesma/Documents/UN/servos/servos-proyecto/uros_ws/install/micro_ros_setup/./config/freertos/nucleo_f446re/create.sh
[1.250s] -- Installing: /Users/amoralesma/Documents/UN/servos/servos-proyecto/uros_ws/install/micro_ros_setup/./config/freertos/nucleo_f446re/configure.sh
[1.250s] -- Installing: /Users/amoralesma/Documents/UN/servos/servos-proyecto/uros_ws/install/micro_ros_setup/./config/freertos/nucleo_f446re/client-colcon.meta
[1.250s] -- Installing: /Users/amoralesma/Documents/UN/servos/servos-proyecto/uros_ws/install/micro_ros_setup/./config/mbed
[1.251s] -- Installing: /Users/amoralesma/Documents/UN/servos/servos-proyecto/uros_ws/install/micro_ros_setup/./config/mbed/dev_uros_packages.repos
[1.251s] -- Installing: /Users/amoralesma/Documents/UN/servos/servos-proyecto/uros_ws/install/micro_ros_setup/./config/mbed/list_apps.sh
[1.251s] -- Installing: /Users/amoralesma/Documents/UN/servos/servos-proyecto/uros_ws/install/micro_ros_setup/./config/mbed/dev_ros2_packages.txt
[1.251s] -- Installing: /Users/amoralesma/Documents/UN/servos/servos-proyecto/uros_ws/install/micro_ros_setup/./config/mbed/generic
[1.252s] -- Installing: /Users/amoralesma/Documents/UN/servos/servos-proyecto/uros_ws/install/micro_ros_setup/./config/mbed/generic/flash.sh
[1.252s] -- Installing: /Users/amoralesma/Documents/UN/servos/servos-proyecto/uros_ws/install/micro_ros_setup/./config/mbed/generic/package.xml
[1.252s] -- Installing: /Users/amoralesma/Documents/UN/servos/servos-proyecto/uros_ws/install/micro_ros_setup/./config/mbed/generic/supported_platforms
[1.252s] -- Installing: /Users/amoralesma/Documents/UN/servos/servos-proyecto/uros_ws/install/micro_ros_setup/./config/mbed/generic/build.sh
[1.252s] -- Installing: /Users/amoralesma/Documents/UN/servos/servos-proyecto/uros_ws/install/micro_ros_setup/./config/mbed/generic/board.repos
[1.252s] -- Installing: /Users/amoralesma/Documents/UN/servos/servos-proyecto/uros_ws/install/micro_ros_setup/./config/mbed/generic/client_uros_packages.repos
[1.253s] -- Installing: /Users/amoralesma/Documents/UN/servos/servos-proyecto/uros_ws/install/micro_ros_setup/./config/mbed/generic/create.sh
[1.253s] -- Installing: /Users/amoralesma/Documents/UN/servos/servos-proyecto/uros_ws/install/micro_ros_setup/./config/agent_ros2_packages.txt
[1.253s] -- Installing: /Users/amoralesma/Documents/UN/servos/servos-proyecto/uros_ws/install/micro_ros_setup/./config/client_uros_packages.repos
[1.253s] -- Installing: /Users/amoralesma/Documents/UN/servos/servos-proyecto/uros_ws/install/micro_ros_setup/./config/android
[1.254s] -- Installing: /Users/amoralesma/Documents/UN/servos/servos-proyecto/uros_ws/install/micro_ros_setup/./config/android/dev_uros_packages.repos
[1.254s] -- Installing: /Users/amoralesma/Documents/UN/servos/servos-proyecto/uros_ws/install/micro_ros_setup/./config/android/dev_ros2_packages.txt
[1.254s] -- Installing: /Users/amoralesma/Documents/UN/servos/servos-proyecto/uros_ws/install/micro_ros_setup/./config/android/generic
[1.254s] -- Installing: /Users/amoralesma/Documents/UN/servos/servos-proyecto/uros_ws/install/micro_ros_setup/./config/android/generic/flash.sh
[1.254s] -- Installing: /Users/amoralesma/Documents/UN/servos/servos-proyecto/uros_ws/install/micro_ros_setup/./config/android/generic/package.xml
[1.255s] -- Installing: /Users/amoralesma/Documents/UN/servos/servos-proyecto/uros_ws/install/micro_ros_setup/./config/android/generic/build.sh
[1.255s] -- Installing: /Users/amoralesma/Documents/UN/servos/servos-proyecto/uros_ws/install/micro_ros_setup/./config/android/generic/client_uros_packages.repos
[1.255s] -- Installing: /Users/amoralesma/Documents/UN/servos/servos-proyecto/uros_ws/install/micro_ros_setup/./config/android/generic/create.sh
[1.255s] -- Installing: /Users/amoralesma/Documents/UN/servos/servos-proyecto/uros_ws/install/micro_ros_setup/./config/android/generic/client-colcon.meta
[1.255s] -- Installing: /Users/amoralesma/Documents/UN/servos/servos-proyecto/uros_ws/install/micro_ros_setup/./config/client_ros2_packages.txt
[1.256s] -- Installing: /Users/amoralesma/Documents/UN/servos/servos-proyecto/uros_ws/install/micro_ros_setup/./config/renesas_ra
[1.256s] -- Installing: /Users/amoralesma/Documents/UN/servos/servos-proyecto/uros_ws/install/micro_ros_setup/./config/renesas_ra/dev_uros_packages.repos
[1.256s] -- Installing: /Users/amoralesma/Documents/UN/servos/servos-proyecto/uros_ws/install/micro_ros_setup/./config/renesas_ra/list_apps.sh
[1.256s] -- Installing: /Users/amoralesma/Documents/UN/servos/servos-proyecto/uros_ws/install/micro_ros_setup/./config/renesas_ra/ra6m5
[1.256s] -- Installing: /Users/amoralesma/Documents/UN/servos/servos-proyecto/uros_ws/install/micro_ros_setup/./config/renesas_ra/ra6m5/flash.sh
[1.257s] -- Installing: /Users/amoralesma/Documents/UN/servos/servos-proyecto/uros_ws/install/micro_ros_setup/./config/renesas_ra/ra6m5/build.sh
[1.257s] -- Installing: /Users/amoralesma/Documents/UN/servos/servos-proyecto/uros_ws/install/micro_ros_setup/./config/renesas_ra/ra6m5/board.repos
[1.257s] -- Installing: /Users/amoralesma/Documents/UN/servos/servos-proyecto/uros_ws/install/micro_ros_setup/./config/renesas_ra/ra6m5/client_uros_packages.repos
[1.257s] -- Installing: /Users/amoralesma/Documents/UN/servos/servos-proyecto/uros_ws/install/micro_ros_setup/./config/renesas_ra/ra6m5/create.sh
[1.258s] -- Installing: /Users/amoralesma/Documents/UN/servos/servos-proyecto/uros_ws/install/micro_ros_setup/./config/renesas_ra/ra6m5/configure.sh
[1.258s] -- Installing: /Users/amoralesma/Documents/UN/servos/servos-proyecto/uros_ws/install/micro_ros_setup/./config/renesas_ra/ra6m5/client-colcon.meta
[1.258s] -- Installing: /Users/amoralesma/Documents/UN/servos/servos-proyecto/uros_ws/install/micro_ros_setup/./config/renesas_ra/dev_ros2_packages.txt
[1.258s] -- Installing: /Users/amoralesma/Documents/UN/servos/servos-proyecto/uros_ws/install/micro_ros_setup/./config/zephyr
[1.259s] -- Installing: /Users/amoralesma/Documents/UN/servos/servos-proyecto/uros_ws/install/micro_ros_setup/./config/zephyr/dev_uros_packages.repos
[1.259s] -- Installing: /Users/amoralesma/Documents/UN/servos/servos-proyecto/uros_ws/install/micro_ros_setup/./config/zephyr/list_apps.sh
[1.259s] -- Installing: /Users/amoralesma/Documents/UN/servos/servos-proyecto/uros_ws/install/micro_ros_setup/./config/zephyr/dev_ros2_packages.txt
[1.259s] -- Installing: /Users/amoralesma/Documents/UN/servos/servos-proyecto/uros_ws/install/micro_ros_setup/./config/zephyr/generic
[1.260s] -- Installing: /Users/amoralesma/Documents/UN/servos/servos-proyecto/uros_ws/install/micro_ros_setup/./config/zephyr/generic/flash.sh
[1.260s] -- Installing: /Users/amoralesma/Documents/UN/servos/servos-proyecto/uros_ws/install/micro_ros_setup/./config/zephyr/generic/package.xml
[1.260s] -- Installing: /Users/amoralesma/Documents/UN/servos/servos-proyecto/uros_ws/install/micro_ros_setup/./config/zephyr/generic/supported_platforms
[1.261s] -- Installing: /Users/amoralesma/Documents/UN/servos/servos-proyecto/uros_ws/install/micro_ros_setup/./config/zephyr/generic/build.sh
[1.261s] -- Installing: /Users/amoralesma/Documents/UN/servos/servos-proyecto/uros_ws/install/micro_ros_setup/./config/zephyr/generic/board.repos
[1.261s] -- Installing: /Users/amoralesma/Documents/UN/servos/servos-proyecto/uros_ws/install/micro_ros_setup/./config/zephyr/generic/client_uros_packages.repos
[1.261s] -- Installing: /Users/amoralesma/Documents/UN/servos/servos-proyecto/uros_ws/install/micro_ros_setup/./config/zephyr/generic/create.sh
[1.261s] -- Installing: /Users/amoralesma/Documents/UN/servos/servos-proyecto/uros_ws/install/micro_ros_setup/./config/zephyr/generic/configure.sh
[1.262s] -- Installing: /Users/amoralesma/Documents/UN/servos/servos-proyecto/uros_ws/install/micro_ros_setup/./config/zephyr/generic/client-colcon.meta
[1.262s] -- Installing: /Users/amoralesma/Documents/UN/servos/servos-proyecto/uros_ws/install/micro_ros_setup/lib/micro_ros_setup/create_ws.sh
[1.262s] -- Installing: /Users/amoralesma/Documents/UN/servos/servos-proyecto/uros_ws/install/micro_ros_setup/lib/micro_ros_setup/create_agent_ws.sh
[1.263s] -- Installing: /Users/amoralesma/Documents/UN/servos/servos-proyecto/uros_ws/install/micro_ros_setup/lib/micro_ros_setup/create_firmware_ws.sh
[1.263s] -- Installing: /Users/amoralesma/Documents/UN/servos/servos-proyecto/uros_ws/install/micro_ros_setup/lib/micro_ros_setup/configure_firmware.sh
[1.263s] -- Installing: /Users/amoralesma/Documents/UN/servos/servos-proyecto/uros_ws/install/micro_ros_setup/lib/micro_ros_setup/flash_firmware.sh
[1.263s] -- Installing: /Users/amoralesma/Documents/UN/servos/servos-proyecto/uros_ws/install/micro_ros_setup/lib/micro_ros_setup/build_firmware.sh
[1.263s] -- Installing: /Users/amoralesma/Documents/UN/servos/servos-proyecto/uros_ws/install/micro_ros_setup/lib/micro_ros_setup/build_agent.sh
[1.264s] -- Installing: /Users/amoralesma/Documents/UN/servos/servos-proyecto/uros_ws/install/micro_ros_setup/lib/micro_ros_setup/yaml_filter.py
[1.264s] -- Installing: /Users/amoralesma/Documents/UN/servos/servos-proyecto/uros_ws/install/micro_ros_setup/lib/micro_ros_setup/clean_env.sh
[1.264s] -- Installing: /Users/amoralesma/Documents/UN/servos/servos-proyecto/uros_ws/install/micro_ros_setup/lib/micro_ros_setup/component
[1.265s] Invoked command in '/Users/amoralesma/Documents/UN/servos/servos-proyecto/uros_ws/build/micro_ros_setup' returned '0': CONDA_PROMPT_MODIFIER=(humble) SHLVL=2 _=/Users/amoralesma/conda/envs/humble/bin/env __CF_USER_TEXT_ENCODING=0x1F5:0x0:0x2 /Users/amoralesma/conda/envs/humble/bin/cmake --install /Users/amoralesma/Documents/UN/servos/servos-proyecto/uros_ws/build/micro_ros_setup
