CMake Deprecation Warning at CMakeLists.txt:1 (cmake_minimum_required):
  Compatibility with CMake < 3.10 will be removed from a future version of
  CMake.

  Update the VERSION argument <min> value.  Or, use the <min>...<max> syntax
  to tell CMake that the project requires at least <min> but has been updated
  to work with policies introduced by <max> or earlier.


CMake Warning (dev) at /Users/amoralesma/conda/envs/humble/share/python_cmake_module/cmake/Modules/FindPythonExtra.cmake:52 (find_package):
  Policy CMP0148 is not set: The FindPythonInterp and FindPythonLibs modules
  are removed.  Run "cmake --help-policy CMP0148" for policy details.  Use
  the cmake_policy command to set the policy and suppress this warning.

Call Stack (most recent call first):
  /Users/amoralesma/conda/envs/humble/share/rosidl_generator_py/cmake/rosidl_generator_py_generate_interfaces.cmake:21 (find_package)
  /Users/amoralesma/conda/envs/humble/share/ament_cmake_core/cmake/core/ament_execute_extensions.cmake:48 (include)
  /Users/amoralesma/conda/envs/humble/share/rosidl_cmake/cmake/rosidl_generate_interfaces.cmake:286 (ament_execute_extensions)
  CMakeLists.txt:27 (rosidl_generate_interfaces)
This warning is for project developers.  Use -Wno-dev to suppress it.

/Users/amoralesma/conda/envs/humble/bin/install_name_tool: warning: changes being made to the file will invalidate the code signature in: /Users/amoralesma/Documents/UN/servos/servos-proyecto/uros_ws/install/micro_ros_msgs/lib/libmicro_ros_msgs__rosidl_typesupport_fastrtps_c.dylib
[cctools-port]: generating fake signature for '/Users/amoralesma/Documents/UN/servos/servos-proyecto/uros_ws/install/micro_ros_msgs/lib/libmicro_ros_msgs__rosidl_typesupport_fastrtps_c.dylib'
/Users/amoralesma/conda/envs/humble/bin/install_name_tool: warning: changes being made to the file will invalidate the code signature in: /Users/amoralesma/Documents/UN/servos/servos-proyecto/uros_ws/install/micro_ros_msgs/lib/libmicro_ros_msgs__rosidl_typesupport_introspection_c.dylib
[cctools-port]: generating fake signature for '/Users/amoralesma/Documents/UN/servos/servos-proyecto/uros_ws/install/micro_ros_msgs/lib/libmicro_ros_msgs__rosidl_typesupport_introspection_c.dylib'
/Users/amoralesma/conda/envs/humble/bin/install_name_tool: warning: changes being made to the file will invalidate the code signature in: /Users/amoralesma/Documents/UN/servos/servos-proyecto/uros_ws/install/micro_ros_msgs/lib/libmicro_ros_msgs__rosidl_typesupport_c.dylib
[cctools-port]: generating fake signature for '/Users/amoralesma/Documents/UN/servos/servos-proyecto/uros_ws/install/micro_ros_msgs/lib/libmicro_ros_msgs__rosidl_typesupport_c.dylib'
/Users/amoralesma/conda/envs/humble/bin/install_name_tool: warning: changes being made to the file will invalidate the code signature in: /Users/amoralesma/Documents/UN/servos/servos-proyecto/uros_ws/install/micro_ros_msgs/lib/python3.11/site-packages/micro_ros_msgs/micro_ros_msgs_s__rosidl_typesupport_fastrtps_c.cpython-311-darwin.so
[cctools-port]: generating fake signature for '/Users/amoralesma/Documents/UN/servos/servos-proyecto/uros_ws/install/micro_ros_msgs/lib/python3.11/site-packages/micro_ros_msgs/micro_ros_msgs_s__rosidl_typesupport_fastrtps_c.cpython-311-darwin.so'
/Users/amoralesma/conda/envs/humble/bin/install_name_tool: warning: changes being made to the file will invalidate the code signature in: /Users/amoralesma/Documents/UN/servos/servos-proyecto/uros_ws/install/micro_ros_msgs/lib/python3.11/site-packages/micro_ros_msgs/micro_ros_msgs_s__rosidl_typesupport_introspection_c.cpython-311-darwin.so
[cctools-port]: generating fake signature for '/Users/amoralesma/Documents/UN/servos/servos-proyecto/uros_ws/install/micro_ros_msgs/lib/python3.11/site-packages/micro_ros_msgs/micro_ros_msgs_s__rosidl_typesupport_introspection_c.cpython-311-darwin.so'
/Users/amoralesma/conda/envs/humble/bin/install_name_tool: warning: changes being made to the file will invalidate the code signature in: /Users/amoralesma/Documents/UN/servos/servos-proyecto/uros_ws/install/micro_ros_msgs/lib/python3.11/site-packages/micro_ros_msgs/micro_ros_msgs_s__rosidl_typesupport_c.cpython-311-darwin.so
[cctools-port]: generating fake signature for '/Users/amoralesma/Documents/UN/servos/servos-proyecto/uros_ws/install/micro_ros_msgs/lib/python3.11/site-packages/micro_ros_msgs/micro_ros_msgs_s__rosidl_typesupport_c.cpython-311-darwin.so'
/Users/amoralesma/conda/envs/humble/bin/install_name_tool: warning: changes being made to the file will invalidate the code signature in: /Users/amoralesma/Documents/UN/servos/servos-proyecto/uros_ws/install/micro_ros_msgs/lib/libmicro_ros_msgs__rosidl_generator_py.dylib
[cctools-port]: generating fake signature for '/Users/amoralesma/Documents/UN/servos/servos-proyecto/uros_ws/install/micro_ros_msgs/lib/libmicro_ros_msgs__rosidl_generator_py.dylib'
