Not searching for unused variables given on the command line.
-- The C compiler identification is Clang 18.1.8
-- The CXX compiler identification is Clang 18.1.8
-- Detecting C compiler ABI info
-- Detecting C compiler ABI info - done
-- Check for working C compiler: /Users/amoralesma/conda/envs/humble/bin/arm64-apple-darwin20.0.0-clang - skipped
-- Detecting C compile features
-- Detecting C compile features - done
-- Detecting CXX compiler ABI info
-- Detecting CXX compiler ABI info - done
-- Check for working CXX compiler: /Users/amoralesma/conda/envs/humble/bin/arm64-apple-darwin20.0.0-clang++ - skipped
-- Detecting CXX compile features
-- Detecting CXX compile features - done
-- Found ament_cmake: 1.3.11 (/Users/amoralesma/conda/envs/humble/share/ament_cmake/cmake)
-- Found Python3: /Users/amoralesma/conda/envs/humble/bin/python3 (found version "3.11.12") found components: Interpreter
-- Found rosidl_default_generators: 1.2.0 (/Users/amoralesma/conda/envs/humble/share/rosidl_default_generators/cmake)
-- Using all available rosidl_typesupport_c: rosidl_typesupport_fastrtps_c;rosidl_typesupport_introspection_c
-- Found rosidl_adapter: 3.1.6 (/Users/amoralesma/conda/envs/humble/share/rosidl_adapter/cmake)
-- Using all available rosidl_typesupport_cpp: rosidl_typesupport_fastrtps_cpp;rosidl_typesupport_introspection_cpp
-- Found ament_lint_auto: 0.12.11 (/Users/amoralesma/conda/envs/humble/share/ament_lint_auto/cmake)
-- Found ament_cmake_ros: 0.10.0 (/Users/amoralesma/conda/envs/humble/share/ament_cmake_ros/cmake)
-- Using all available rosidl_typesupport_c: rosidl_typesupport_fastrtps_c;rosidl_typesupport_introspection_c
-- Using all available rosidl_typesupport_cpp: rosidl_typesupport_fastrtps_cpp;rosidl_typesupport_introspection_cpp
-- Found python_cmake_module: 0.10.0 (/Users/amoralesma/conda/envs/humble/share/python_cmake_module/cmake)
-- Found PythonInterp: /Users/amoralesma/conda/envs/humble/bin/python3 (found suitable version "3.11.12", minimum required is "3.6")
-- Using PythonExtra_INCLUDE_DIRS: /Users/amoralesma/conda/envs/humble/include/python3.11;/Users/amoralesma/conda/envs/humble/include/python3.11
-- Using PythonExtra_LIBRARIES: /Users/amoralesma/conda/envs/humble/lib/libpython3.11.dylib
-- Found PythonExtra: .so
-- Found Python3: /Users/amoralesma/conda/envs/humble/include/python3.11 (found version "3.11.12") found components: Development NumPy Interpreter Development.Module Development.Embed
-- Added test 'copyright' to check source files copyright and LICENSE
-- Added test 'lint_cmake' to check CMake code style
-- Added test 'xmllint' to check XML markup files
-- Configuring done (2.5s)
-- Generating done (0.0s)
-- Build files have been written to: /Users/amoralesma/Documents/UN/servos/servos-proyecto/uros_ws/build/micro_ros_msgs
[  2%] Generating C code for ROS interfaces
[  4%] Generating C++ code for ROS interfaces
[  4%] Built target ament_cmake_python_copy_micro_ros_msgs
running egg_info
creating micro_ros_msgs.egg-info
writing micro_ros_msgs.egg-info/PKG-INFO
writing dependency_links to micro_ros_msgs.egg-info/dependency_links.txt
writing top-level names to micro_ros_msgs.egg-info/top_level.txt
writing manifest file 'micro_ros_msgs.egg-info/SOURCES.txt'
reading manifest file 'micro_ros_msgs.egg-info/SOURCES.txt'
writing manifest file 'micro_ros_msgs.egg-info/SOURCES.txt'
[  4%] Built target micro_ros_msgs__cpp
[  8%] Building C object CMakeFiles/micro_ros_msgs__rosidl_generator_c.dir/rosidl_generator_c/micro_ros_msgs/msg/detail/graph__functions.c.o
[  8%] Building C object CMakeFiles/micro_ros_msgs__rosidl_generator_c.dir/rosidl_generator_c/micro_ros_msgs/msg/detail/node__functions.c.o
[ 10%] Building C object CMakeFiles/micro_ros_msgs__rosidl_generator_c.dir/rosidl_generator_c/micro_ros_msgs/msg/detail/entity__functions.c.o
[ 12%] Generating C++ type support for eProsima Fast-RTPS
[ 14%] Generating C++ introspection for ROS interfaces
[ 14%] Built target ament_cmake_python_build_micro_ros_msgs_egg
[ 17%] Generating C++ type support dispatch for ROS interfaces
[ 19%] Linking C shared library libmicro_ros_msgs__rosidl_generator_c.dylib
[ 19%] Built target micro_ros_msgs__rosidl_generator_c
[ 21%] Building CXX object CMakeFiles/micro_ros_msgs__rosidl_typesupport_cpp.dir/rosidl_typesupport_cpp/micro_ros_msgs/msg/node__type_support.cpp.o
[ 23%] Building CXX object CMakeFiles/micro_ros_msgs__rosidl_typesupport_introspection_cpp.dir/rosidl_typesupport_introspection_cpp/micro_ros_msgs/msg/detail/node__type_support.cpp.o
[ 25%] Building CXX object CMakeFiles/micro_ros_msgs__rosidl_typesupport_introspection_cpp.dir/rosidl_typesupport_introspection_cpp/micro_ros_msgs/msg/detail/entity__type_support.cpp.o
[ 27%] Building CXX object CMakeFiles/micro_ros_msgs__rosidl_typesupport_cpp.dir/rosidl_typesupport_cpp/micro_ros_msgs/msg/graph__type_support.cpp.o
[ 29%] Building CXX object CMakeFiles/micro_ros_msgs__rosidl_typesupport_introspection_cpp.dir/rosidl_typesupport_introspection_cpp/micro_ros_msgs/msg/detail/graph__type_support.cpp.o
[ 31%] Building CXX object CMakeFiles/micro_ros_msgs__rosidl_typesupport_cpp.dir/rosidl_typesupport_cpp/micro_ros_msgs/msg/entity__type_support.cpp.o
[ 34%] Generating C introspection for ROS interfaces
[ 36%] Generating C type support dispatch for ROS interfaces
[ 38%] Generating C type support for eProsima Fast-RTPS
[ 40%] Building CXX object CMakeFiles/micro_ros_msgs__rosidl_typesupport_fastrtps_cpp.dir/rosidl_typesupport_fastrtps_cpp/micro_ros_msgs/msg/detail/dds_fastrtps/graph__type_support.cpp.o
[ 42%] Building CXX object CMakeFiles/micro_ros_msgs__rosidl_typesupport_c.dir/rosidl_typesupport_c/micro_ros_msgs/msg/graph__type_support.cpp.o
[ 44%] Building CXX object CMakeFiles/micro_ros_msgs__rosidl_typesupport_c.dir/rosidl_typesupport_c/micro_ros_msgs/msg/node__type_support.cpp.o
[ 46%] Building C object CMakeFiles/micro_ros_msgs__rosidl_typesupport_introspection_c.dir/rosidl_typesupport_introspection_c/micro_ros_msgs/msg/detail/graph__type_support.c.o
[ 48%] Building CXX object CMakeFiles/micro_ros_msgs__rosidl_typesupport_fastrtps_c.dir/rosidl_typesupport_fastrtps_c/micro_ros_msgs/msg/detail/graph__type_support_c.cpp.o
[ 51%] Building CXX object CMakeFiles/micro_ros_msgs__rosidl_typesupport_c.dir/rosidl_typesupport_c/micro_ros_msgs/msg/entity__type_support.cpp.o
[ 53%] Building C object CMakeFiles/micro_ros_msgs__rosidl_typesupport_introspection_c.dir/rosidl_typesupport_introspection_c/micro_ros_msgs/msg/detail/node__type_support.c.o
[ 55%] Linking CXX shared library libmicro_ros_msgs__rosidl_typesupport_c.dylib
[ 57%] Building C object CMakeFiles/micro_ros_msgs__rosidl_typesupport_introspection_c.dir/rosidl_typesupport_introspection_c/micro_ros_msgs/msg/detail/entity__type_support.c.o
[ 59%] Building CXX object CMakeFiles/micro_ros_msgs__rosidl_typesupport_fastrtps_c.dir/rosidl_typesupport_fastrtps_c/micro_ros_msgs/msg/detail/node__type_support_c.cpp.o
[ 61%] Building CXX object CMakeFiles/micro_ros_msgs__rosidl_typesupport_fastrtps_c.dir/rosidl_typesupport_fastrtps_c/micro_ros_msgs/msg/detail/entity__type_support_c.cpp.o
[ 63%] Linking CXX shared library libmicro_ros_msgs__rosidl_typesupport_cpp.dylib
[ 63%] Built target micro_ros_msgs__rosidl_typesupport_c
[ 68%] Building CXX object CMakeFiles/micro_ros_msgs__rosidl_typesupport_fastrtps_cpp.dir/rosidl_typesupport_fastrtps_cpp/micro_ros_msgs/msg/detail/dds_fastrtps/node__type_support.cpp.o
[ 68%] Linking C shared library libmicro_ros_msgs__rosidl_typesupport_introspection_c.dylib
[ 70%] Building CXX object CMakeFiles/micro_ros_msgs__rosidl_typesupport_fastrtps_cpp.dir/rosidl_typesupport_fastrtps_cpp/micro_ros_msgs/msg/detail/dds_fastrtps/entity__type_support.cpp.o
[ 70%] Built target micro_ros_msgs__rosidl_typesupport_cpp
[ 70%] Built target micro_ros_msgs__rosidl_typesupport_introspection_c
[ 72%] Linking CXX shared library libmicro_ros_msgs__rosidl_typesupport_introspection_cpp.dylib
[ 72%] Built target micro_ros_msgs__rosidl_typesupport_introspection_cpp
[ 74%] Linking CXX shared library libmicro_ros_msgs__rosidl_typesupport_fastrtps_c.dylib
[ 74%] Built target micro_ros_msgs__rosidl_typesupport_fastrtps_c
[ 76%] Linking CXX shared library libmicro_ros_msgs__rosidl_typesupport_fastrtps_cpp.dylib
[ 76%] Built target micro_ros_msgs__rosidl_typesupport_fastrtps_cpp
[ 76%] Built target micro_ros_msgs
[ 78%] Generating Python code for ROS interfaces
[ 78%] Built target micro_ros_msgs__py
[ 82%] Building C object CMakeFiles/micro_ros_msgs__rosidl_generator_py.dir/rosidl_generator_py/micro_ros_msgs/msg/_node_s.c.o
[ 82%] Building C object CMakeFiles/micro_ros_msgs__rosidl_generator_py.dir/rosidl_generator_py/micro_ros_msgs/msg/_graph_s.c.o
[ 85%] Building C object CMakeFiles/micro_ros_msgs__rosidl_generator_py.dir/rosidl_generator_py/micro_ros_msgs/msg/_entity_s.c.o
[ 87%] Linking C shared library rosidl_generator_py/micro_ros_msgs/libmicro_ros_msgs__rosidl_generator_py.dylib
[ 87%] Built target micro_ros_msgs__rosidl_generator_py
[ 89%] Building C object CMakeFiles/micro_ros_msgs__rosidl_typesupport_fastrtps_c__pyext.dir/rosidl_generator_py/micro_ros_msgs/_micro_ros_msgs_s.ep.rosidl_typesupport_fastrtps_c.c.o
[ 93%] Building C object CMakeFiles/micro_ros_msgs__rosidl_typesupport_introspection_c__pyext.dir/rosidl_generator_py/micro_ros_msgs/_micro_ros_msgs_s.ep.rosidl_typesupport_introspection_c.c.o
[ 93%] Building C object CMakeFiles/micro_ros_msgs__rosidl_typesupport_c__pyext.dir/rosidl_generator_py/micro_ros_msgs/_micro_ros_msgs_s.ep.rosidl_typesupport_c.c.o
[ 95%] Linking C shared library rosidl_generator_py/micro_ros_msgs/micro_ros_msgs_s__rosidl_typesupport_fastrtps_c.cpython-311-darwin.so
[ 97%] Linking C shared library rosidl_generator_py/micro_ros_msgs/micro_ros_msgs_s__rosidl_typesupport_introspection_c.cpython-311-darwin.so
[100%] Linking C shared library rosidl_generator_py/micro_ros_msgs/micro_ros_msgs_s__rosidl_typesupport_c.cpython-311-darwin.so
[100%] Built target micro_ros_msgs__rosidl_typesupport_c__pyext
[100%] Built target micro_ros_msgs__rosidl_typesupport_introspection_c__pyext
[100%] Built target micro_ros_msgs__rosidl_typesupport_fastrtps_c__pyext
-- Install configuration: ""
-- Installing: /Users/amoralesma/Documents/UN/servos/servos-proyecto/uros_ws/install/micro_ros_msgs/share/ament_index/resource_index/rosidl_interfaces/micro_ros_msgs
-- Installing: /Users/amoralesma/Documents/UN/servos/servos-proyecto/uros_ws/install/micro_ros_msgs/include/micro_ros_msgs/micro_ros_msgs
-- Installing: /Users/amoralesma/Documents/UN/servos/servos-proyecto/uros_ws/install/micro_ros_msgs/include/micro_ros_msgs/micro_ros_msgs/msg
-- Installing: /Users/amoralesma/Documents/UN/servos/servos-proyecto/uros_ws/install/micro_ros_msgs/include/micro_ros_msgs/micro_ros_msgs/msg/rosidl_generator_c__visibility_control.h
-- Installing: /Users/amoralesma/Documents/UN/servos/servos-proyecto/uros_ws/install/micro_ros_msgs/include/micro_ros_msgs/micro_ros_msgs/msg/node.h
-- Installing: /Users/amoralesma/Documents/UN/servos/servos-proyecto/uros_ws/install/micro_ros_msgs/include/micro_ros_msgs/micro_ros_msgs/msg/graph.h
-- Installing: /Users/amoralesma/Documents/UN/servos/servos-proyecto/uros_ws/install/micro_ros_msgs/include/micro_ros_msgs/micro_ros_msgs/msg/detail
-- Installing: /Users/amoralesma/Documents/UN/servos/servos-proyecto/uros_ws/install/micro_ros_msgs/include/micro_ros_msgs/micro_ros_msgs/msg/detail/entity__struct.h
-- Installing: /Users/amoralesma/Documents/UN/servos/servos-proyecto/uros_ws/install/micro_ros_msgs/include/micro_ros_msgs/micro_ros_msgs/msg/detail/node__struct.h
-- Installing: /Users/amoralesma/Documents/UN/servos/servos-proyecto/uros_ws/install/micro_ros_msgs/include/micro_ros_msgs/micro_ros_msgs/msg/detail/node__functions.h
-- Installing: /Users/amoralesma/Documents/UN/servos/servos-proyecto/uros_ws/install/micro_ros_msgs/include/micro_ros_msgs/micro_ros_msgs/msg/detail/graph__functions.c
-- Installing: /Users/amoralesma/Documents/UN/servos/servos-proyecto/uros_ws/install/micro_ros_msgs/include/micro_ros_msgs/micro_ros_msgs/msg/detail/node__type_support.h
-- Installing: /Users/amoralesma/Documents/UN/servos/servos-proyecto/uros_ws/install/micro_ros_msgs/include/micro_ros_msgs/micro_ros_msgs/msg/detail/entity__functions.h
-- Installing: /Users/amoralesma/Documents/UN/servos/servos-proyecto/uros_ws/install/micro_ros_msgs/include/micro_ros_msgs/micro_ros_msgs/msg/detail/graph__type_support.h
-- Installing: /Users/amoralesma/Documents/UN/servos/servos-proyecto/uros_ws/install/micro_ros_msgs/include/micro_ros_msgs/micro_ros_msgs/msg/detail/node__functions.c
-- Installing: /Users/amoralesma/Documents/UN/servos/servos-proyecto/uros_ws/install/micro_ros_msgs/include/micro_ros_msgs/micro_ros_msgs/msg/detail/entity__type_support.h
-- Installing: /Users/amoralesma/Documents/UN/servos/servos-proyecto/uros_ws/install/micro_ros_msgs/include/micro_ros_msgs/micro_ros_msgs/msg/detail/graph__struct.h
-- Installing: /Users/amoralesma/Documents/UN/servos/servos-proyecto/uros_ws/install/micro_ros_msgs/include/micro_ros_msgs/micro_ros_msgs/msg/detail/graph__functions.h
-- Installing: /Users/amoralesma/Documents/UN/servos/servos-proyecto/uros_ws/install/micro_ros_msgs/include/micro_ros_msgs/micro_ros_msgs/msg/detail/entity__functions.c
-- Installing: /Users/amoralesma/Documents/UN/servos/servos-proyecto/uros_ws/install/micro_ros_msgs/include/micro_ros_msgs/micro_ros_msgs/msg/entity.h
-- Installing: /Users/amoralesma/Documents/UN/servos/servos-proyecto/uros_ws/install/micro_ros_msgs/lib/libmicro_ros_msgs__rosidl_generator_c.dylib
-- Up-to-date: /Users/amoralesma/Documents/UN/servos/servos-proyecto/uros_ws/install/micro_ros_msgs/include/micro_ros_msgs/micro_ros_msgs
-- Up-to-date: /Users/amoralesma/Documents/UN/servos/servos-proyecto/uros_ws/install/micro_ros_msgs/include/micro_ros_msgs/micro_ros_msgs/msg
-- Up-to-date: /Users/amoralesma/Documents/UN/servos/servos-proyecto/uros_ws/install/micro_ros_msgs/include/micro_ros_msgs/micro_ros_msgs/msg/detail
-- Installing: /Users/amoralesma/Documents/UN/servos/servos-proyecto/uros_ws/install/micro_ros_msgs/include/micro_ros_msgs/micro_ros_msgs/msg/detail/node__rosidl_typesupport_fastrtps_c.h
-- Installing: /Users/amoralesma/Documents/UN/servos/servos-proyecto/uros_ws/install/micro_ros_msgs/include/micro_ros_msgs/micro_ros_msgs/msg/detail/entity__rosidl_typesupport_fastrtps_c.h
-- Installing: /Users/amoralesma/Documents/UN/servos/servos-proyecto/uros_ws/install/micro_ros_msgs/include/micro_ros_msgs/micro_ros_msgs/msg/detail/graph__rosidl_typesupport_fastrtps_c.h
-- Installing: /Users/amoralesma/Documents/UN/servos/servos-proyecto/uros_ws/install/micro_ros_msgs/include/micro_ros_msgs/micro_ros_msgs/msg/rosidl_typesupport_fastrtps_c__visibility_control.h
-- Installing: /Users/amoralesma/Documents/UN/servos/servos-proyecto/uros_ws/install/micro_ros_msgs/lib/libmicro_ros_msgs__rosidl_typesupport_fastrtps_c.dylib
-- Up-to-date: /Users/amoralesma/Documents/UN/servos/servos-proyecto/uros_ws/install/micro_ros_msgs/include/micro_ros_msgs/micro_ros_msgs
-- Up-to-date: /Users/amoralesma/Documents/UN/servos/servos-proyecto/uros_ws/install/micro_ros_msgs/include/micro_ros_msgs/micro_ros_msgs/msg
-- Up-to-date: /Users/amoralesma/Documents/UN/servos/servos-proyecto/uros_ws/install/micro_ros_msgs/include/micro_ros_msgs/micro_ros_msgs/msg/detail
-- Installing: /Users/amoralesma/Documents/UN/servos/servos-proyecto/uros_ws/install/micro_ros_msgs/include/micro_ros_msgs/micro_ros_msgs/msg/detail/entity__rosidl_typesupport_introspection_c.h
-- Installing: /Users/amoralesma/Documents/UN/servos/servos-proyecto/uros_ws/install/micro_ros_msgs/include/micro_ros_msgs/micro_ros_msgs/msg/detail/graph__type_support.c
-- Installing: /Users/amoralesma/Documents/UN/servos/servos-proyecto/uros_ws/install/micro_ros_msgs/include/micro_ros_msgs/micro_ros_msgs/msg/detail/graph__rosidl_typesupport_introspection_c.h
-- Installing: /Users/amoralesma/Documents/UN/servos/servos-proyecto/uros_ws/install/micro_ros_msgs/include/micro_ros_msgs/micro_ros_msgs/msg/detail/entity__type_support.c
-- Installing: /Users/amoralesma/Documents/UN/servos/servos-proyecto/uros_ws/install/micro_ros_msgs/include/micro_ros_msgs/micro_ros_msgs/msg/detail/node__rosidl_typesupport_introspection_c.h
-- Installing: /Users/amoralesma/Documents/UN/servos/servos-proyecto/uros_ws/install/micro_ros_msgs/include/micro_ros_msgs/micro_ros_msgs/msg/detail/node__type_support.c
-- Installing: /Users/amoralesma/Documents/UN/servos/servos-proyecto/uros_ws/install/micro_ros_msgs/include/micro_ros_msgs/micro_ros_msgs/msg/rosidl_typesupport_introspection_c__visibility_control.h
-- Installing: /Users/amoralesma/Documents/UN/servos/servos-proyecto/uros_ws/install/micro_ros_msgs/lib/libmicro_ros_msgs__rosidl_typesupport_introspection_c.dylib
-- Installing: /Users/amoralesma/Documents/UN/servos/servos-proyecto/uros_ws/install/micro_ros_msgs/lib/libmicro_ros_msgs__rosidl_typesupport_c.dylib
-- Up-to-date: /Users/amoralesma/Documents/UN/servos/servos-proyecto/uros_ws/install/micro_ros_msgs/include/micro_ros_msgs/micro_ros_msgs
-- Up-to-date: /Users/amoralesma/Documents/UN/servos/servos-proyecto/uros_ws/install/micro_ros_msgs/include/micro_ros_msgs/micro_ros_msgs/msg
-- Up-to-date: /Users/amoralesma/Documents/UN/servos/servos-proyecto/uros_ws/install/micro_ros_msgs/include/micro_ros_msgs/micro_ros_msgs/msg/detail
-- Installing: /Users/amoralesma/Documents/UN/servos/servos-proyecto/uros_ws/install/micro_ros_msgs/include/micro_ros_msgs/micro_ros_msgs/msg/detail/entity__struct.hpp
-- Installing: /Users/amoralesma/Documents/UN/servos/servos-proyecto/uros_ws/install/micro_ros_msgs/include/micro_ros_msgs/micro_ros_msgs/msg/detail/graph__builder.hpp
-- Installing: /Users/amoralesma/Documents/UN/servos/servos-proyecto/uros_ws/install/micro_ros_msgs/include/micro_ros_msgs/micro_ros_msgs/msg/detail/graph__type_support.hpp
-- Installing: /Users/amoralesma/Documents/UN/servos/servos-proyecto/uros_ws/install/micro_ros_msgs/include/micro_ros_msgs/micro_ros_msgs/msg/detail/graph__struct.hpp
-- Installing: /Users/amoralesma/Documents/UN/servos/servos-proyecto/uros_ws/install/micro_ros_msgs/include/micro_ros_msgs/micro_ros_msgs/msg/detail/node__struct.hpp
-- Installing: /Users/amoralesma/Documents/UN/servos/servos-proyecto/uros_ws/install/micro_ros_msgs/include/micro_ros_msgs/micro_ros_msgs/msg/detail/node__type_support.hpp
-- Installing: /Users/amoralesma/Documents/UN/servos/servos-proyecto/uros_ws/install/micro_ros_msgs/include/micro_ros_msgs/micro_ros_msgs/msg/detail/entity__builder.hpp
-- Installing: /Users/amoralesma/Documents/UN/servos/servos-proyecto/uros_ws/install/micro_ros_msgs/include/micro_ros_msgs/micro_ros_msgs/msg/detail/entity__traits.hpp
-- Installing: /Users/amoralesma/Documents/UN/servos/servos-proyecto/uros_ws/install/micro_ros_msgs/include/micro_ros_msgs/micro_ros_msgs/msg/detail/node__builder.hpp
-- Installing: /Users/amoralesma/Documents/UN/servos/servos-proyecto/uros_ws/install/micro_ros_msgs/include/micro_ros_msgs/micro_ros_msgs/msg/detail/node__traits.hpp
-- Installing: /Users/amoralesma/Documents/UN/servos/servos-proyecto/uros_ws/install/micro_ros_msgs/include/micro_ros_msgs/micro_ros_msgs/msg/detail/graph__traits.hpp
-- Installing: /Users/amoralesma/Documents/UN/servos/servos-proyecto/uros_ws/install/micro_ros_msgs/include/micro_ros_msgs/micro_ros_msgs/msg/detail/entity__type_support.hpp
-- Installing: /Users/amoralesma/Documents/UN/servos/servos-proyecto/uros_ws/install/micro_ros_msgs/include/micro_ros_msgs/micro_ros_msgs/msg/graph.hpp
-- Installing: /Users/amoralesma/Documents/UN/servos/servos-proyecto/uros_ws/install/micro_ros_msgs/include/micro_ros_msgs/micro_ros_msgs/msg/node.hpp
-- Installing: /Users/amoralesma/Documents/UN/servos/servos-proyecto/uros_ws/install/micro_ros_msgs/include/micro_ros_msgs/micro_ros_msgs/msg/rosidl_generator_cpp__visibility_control.hpp
-- Installing: /Users/amoralesma/Documents/UN/servos/servos-proyecto/uros_ws/install/micro_ros_msgs/include/micro_ros_msgs/micro_ros_msgs/msg/entity.hpp
-- Up-to-date: /Users/amoralesma/Documents/UN/servos/servos-proyecto/uros_ws/install/micro_ros_msgs/include/micro_ros_msgs/micro_ros_msgs
-- Up-to-date: /Users/amoralesma/Documents/UN/servos/servos-proyecto/uros_ws/install/micro_ros_msgs/include/micro_ros_msgs/micro_ros_msgs/msg
-- Installing: /Users/amoralesma/Documents/UN/servos/servos-proyecto/uros_ws/install/micro_ros_msgs/include/micro_ros_msgs/micro_ros_msgs/msg/rosidl_typesupport_fastrtps_cpp__visibility_control.h
-- Up-to-date: /Users/amoralesma/Documents/UN/servos/servos-proyecto/uros_ws/install/micro_ros_msgs/include/micro_ros_msgs/micro_ros_msgs/msg/detail
-- Installing: /Users/amoralesma/Documents/UN/servos/servos-proyecto/uros_ws/install/micro_ros_msgs/include/micro_ros_msgs/micro_ros_msgs/msg/detail/entity__rosidl_typesupport_fastrtps_cpp.hpp
-- Installing: /Users/amoralesma/Documents/UN/servos/servos-proyecto/uros_ws/install/micro_ros_msgs/include/micro_ros_msgs/micro_ros_msgs/msg/detail/node__rosidl_typesupport_fastrtps_cpp.hpp
-- Installing: /Users/amoralesma/Documents/UN/servos/servos-proyecto/uros_ws/install/micro_ros_msgs/include/micro_ros_msgs/micro_ros_msgs/msg/detail/dds_fastrtps
-- Installing: /Users/amoralesma/Documents/UN/servos/servos-proyecto/uros_ws/install/micro_ros_msgs/include/micro_ros_msgs/micro_ros_msgs/msg/detail/graph__rosidl_typesupport_fastrtps_cpp.hpp
-- Installing: /Users/amoralesma/Documents/UN/servos/servos-proyecto/uros_ws/install/micro_ros_msgs/lib/libmicro_ros_msgs__rosidl_typesupport_fastrtps_cpp.dylib
-- Up-to-date: /Users/amoralesma/Documents/UN/servos/servos-proyecto/uros_ws/install/micro_ros_msgs/include/micro_ros_msgs/micro_ros_msgs
-- Up-to-date: /Users/amoralesma/Documents/UN/servos/servos-proyecto/uros_ws/install/micro_ros_msgs/include/micro_ros_msgs/micro_ros_msgs/msg
-- Up-to-date: /Users/amoralesma/Documents/UN/servos/servos-proyecto/uros_ws/install/micro_ros_msgs/include/micro_ros_msgs/micro_ros_msgs/msg/detail
-- Installing: /Users/amoralesma/Documents/UN/servos/servos-proyecto/uros_ws/install/micro_ros_msgs/include/micro_ros_msgs/micro_ros_msgs/msg/detail/entity__type_support.cpp
-- Installing: /Users/amoralesma/Documents/UN/servos/servos-proyecto/uros_ws/install/micro_ros_msgs/include/micro_ros_msgs/micro_ros_msgs/msg/detail/node__type_support.cpp
-- Installing: /Users/amoralesma/Documents/UN/servos/servos-proyecto/uros_ws/install/micro_ros_msgs/include/micro_ros_msgs/micro_ros_msgs/msg/detail/entity__rosidl_typesupport_introspection_cpp.hpp
-- Installing: /Users/amoralesma/Documents/UN/servos/servos-proyecto/uros_ws/install/micro_ros_msgs/include/micro_ros_msgs/micro_ros_msgs/msg/detail/node__rosidl_typesupport_introspection_cpp.hpp
-- Installing: /Users/amoralesma/Documents/UN/servos/servos-proyecto/uros_ws/install/micro_ros_msgs/include/micro_ros_msgs/micro_ros_msgs/msg/detail/graph__type_support.cpp
-- Installing: /Users/amoralesma/Documents/UN/servos/servos-proyecto/uros_ws/install/micro_ros_msgs/include/micro_ros_msgs/micro_ros_msgs/msg/detail/graph__rosidl_typesupport_introspection_cpp.hpp
-- Installing: /Users/amoralesma/Documents/UN/servos/servos-proyecto/uros_ws/install/micro_ros_msgs/lib/libmicro_ros_msgs__rosidl_typesupport_introspection_cpp.dylib
-- Installing: /Users/amoralesma/Documents/UN/servos/servos-proyecto/uros_ws/install/micro_ros_msgs/lib/libmicro_ros_msgs__rosidl_typesupport_cpp.dylib
-- Installing: /Users/amoralesma/Documents/UN/servos/servos-proyecto/uros_ws/install/micro_ros_msgs/share/micro_ros_msgs/environment/pythonpath.sh
-- Installing: /Users/amoralesma/Documents/UN/servos/servos-proyecto/uros_ws/install/micro_ros_msgs/share/micro_ros_msgs/environment/pythonpath.dsv
-- Installing: /Users/amoralesma/Documents/UN/servos/servos-proyecto/uros_ws/install/micro_ros_msgs/lib/python3.11/site-packages/micro_ros_msgs-3.0.1-py3.11.egg-info
-- Installing: /Users/amoralesma/Documents/UN/servos/servos-proyecto/uros_ws/install/micro_ros_msgs/lib/python3.11/site-packages/micro_ros_msgs-3.0.1-py3.11.egg-info/PKG-INFO
-- Installing: /Users/amoralesma/Documents/UN/servos/servos-proyecto/uros_ws/install/micro_ros_msgs/lib/python3.11/site-packages/micro_ros_msgs-3.0.1-py3.11.egg-info/SOURCES.txt
-- Installing: /Users/amoralesma/Documents/UN/servos/servos-proyecto/uros_ws/install/micro_ros_msgs/lib/python3.11/site-packages/micro_ros_msgs-3.0.1-py3.11.egg-info/top_level.txt
-- Installing: /Users/amoralesma/Documents/UN/servos/servos-proyecto/uros_ws/install/micro_ros_msgs/lib/python3.11/site-packages/micro_ros_msgs-3.0.1-py3.11.egg-info/dependency_links.txt
-- Installing: /Users/amoralesma/Documents/UN/servos/servos-proyecto/uros_ws/install/micro_ros_msgs/lib/python3.11/site-packages/micro_ros_msgs
-- Installing: /Users/amoralesma/Documents/UN/servos/servos-proyecto/uros_ws/install/micro_ros_msgs/lib/python3.11/site-packages/micro_ros_msgs/micro_ros_msgs_s__rosidl_typesupport_c.cpython-311-darwin.so
-- Installing: /Users/amoralesma/Documents/UN/servos/servos-proyecto/uros_ws/install/micro_ros_msgs/lib/python3.11/site-packages/micro_ros_msgs/msg
-- Installing: /Users/amoralesma/Documents/UN/servos/servos-proyecto/uros_ws/install/micro_ros_msgs/lib/python3.11/site-packages/micro_ros_msgs/msg/_node.py
-- Installing: /Users/amoralesma/Documents/UN/servos/servos-proyecto/uros_ws/install/micro_ros_msgs/lib/python3.11/site-packages/micro_ros_msgs/msg/_graph.py
-- Installing: /Users/amoralesma/Documents/UN/servos/servos-proyecto/uros_ws/install/micro_ros_msgs/lib/python3.11/site-packages/micro_ros_msgs/msg/_graph_s.c
-- Installing: /Users/amoralesma/Documents/UN/servos/servos-proyecto/uros_ws/install/micro_ros_msgs/lib/python3.11/site-packages/micro_ros_msgs/msg/_entity.py
-- Installing: /Users/amoralesma/Documents/UN/servos/servos-proyecto/uros_ws/install/micro_ros_msgs/lib/python3.11/site-packages/micro_ros_msgs/msg/__init__.py
-- Installing: /Users/amoralesma/Documents/UN/servos/servos-proyecto/uros_ws/install/micro_ros_msgs/lib/python3.11/site-packages/micro_ros_msgs/msg/_entity_s.c
-- Installing: /Users/amoralesma/Documents/UN/servos/servos-proyecto/uros_ws/install/micro_ros_msgs/lib/python3.11/site-packages/micro_ros_msgs/msg/_node_s.c
-- Installing: /Users/amoralesma/Documents/UN/servos/servos-proyecto/uros_ws/install/micro_ros_msgs/lib/python3.11/site-packages/micro_ros_msgs/libmicro_ros_msgs__rosidl_generator_py.dylib
-- Installing: /Users/amoralesma/Documents/UN/servos/servos-proyecto/uros_ws/install/micro_ros_msgs/lib/python3.11/site-packages/micro_ros_msgs/__init__.py
-- Installing: /Users/amoralesma/Documents/UN/servos/servos-proyecto/uros_ws/install/micro_ros_msgs/lib/python3.11/site-packages/micro_ros_msgs/_micro_ros_msgs_s.ep.rosidl_typesupport_c.c
-- Installing: /Users/amoralesma/Documents/UN/servos/servos-proyecto/uros_ws/install/micro_ros_msgs/lib/python3.11/site-packages/micro_ros_msgs/_micro_ros_msgs_s.ep.rosidl_typesupport_introspection_c.c
-- Installing: /Users/amoralesma/Documents/UN/servos/servos-proyecto/uros_ws/install/micro_ros_msgs/lib/python3.11/site-packages/micro_ros_msgs/micro_ros_msgs_s__rosidl_typesupport_fastrtps_c.cpython-311-darwin.so
-- Installing: /Users/amoralesma/Documents/UN/servos/servos-proyecto/uros_ws/install/micro_ros_msgs/lib/python3.11/site-packages/micro_ros_msgs/micro_ros_msgs_s__rosidl_typesupport_introspection_c.cpython-311-darwin.so
-- Installing: /Users/amoralesma/Documents/UN/servos/servos-proyecto/uros_ws/install/micro_ros_msgs/lib/python3.11/site-packages/micro_ros_msgs/_micro_ros_msgs_s.ep.rosidl_typesupport_fastrtps_c.c
Listing 'lib/python3.11/site-packages/micro_ros_msgs'...
Can't list 'lib/python3.11/site-packages/micro_ros_msgs'
-- Up-to-date: /Users/amoralesma/Documents/UN/servos/servos-proyecto/uros_ws/install/micro_ros_msgs/lib/python3.11/site-packages/micro_ros_msgs/micro_ros_msgs_s__rosidl_typesupport_fastrtps_c.cpython-311-darwin.so
-- Up-to-date: /Users/amoralesma/Documents/UN/servos/servos-proyecto/uros_ws/install/micro_ros_msgs/lib/python3.11/site-packages/micro_ros_msgs/micro_ros_msgs_s__rosidl_typesupport_introspection_c.cpython-311-darwin.so
-- Up-to-date: /Users/amoralesma/Documents/UN/servos/servos-proyecto/uros_ws/install/micro_ros_msgs/lib/python3.11/site-packages/micro_ros_msgs/micro_ros_msgs_s__rosidl_typesupport_c.cpython-311-darwin.so
-- Installing: /Users/amoralesma/Documents/UN/servos/servos-proyecto/uros_ws/install/micro_ros_msgs/lib/libmicro_ros_msgs__rosidl_generator_py.dylib
-- Installing: /Users/amoralesma/Documents/UN/servos/servos-proyecto/uros_ws/install/micro_ros_msgs/share/micro_ros_msgs/msg/Graph.idl
-- Installing: /Users/amoralesma/Documents/UN/servos/servos-proyecto/uros_ws/install/micro_ros_msgs/share/micro_ros_msgs/msg/Node.idl
-- Installing: /Users/amoralesma/Documents/UN/servos/servos-proyecto/uros_ws/install/micro_ros_msgs/share/micro_ros_msgs/msg/Entity.idl
-- Installing: /Users/amoralesma/Documents/UN/servos/servos-proyecto/uros_ws/install/micro_ros_msgs/share/micro_ros_msgs/msg/Graph.msg
-- Installing: /Users/amoralesma/Documents/UN/servos/servos-proyecto/uros_ws/install/micro_ros_msgs/share/micro_ros_msgs/msg/Node.msg
-- Installing: /Users/amoralesma/Documents/UN/servos/servos-proyecto/uros_ws/install/micro_ros_msgs/share/micro_ros_msgs/msg/Entity.msg
-- Installing: /Users/amoralesma/Documents/UN/servos/servos-proyecto/uros_ws/install/micro_ros_msgs/share/ament_index/resource_index/package_run_dependencies/micro_ros_msgs
-- Installing: /Users/amoralesma/Documents/UN/servos/servos-proyecto/uros_ws/install/micro_ros_msgs/share/ament_index/resource_index/parent_prefix_path/micro_ros_msgs
-- Installing: /Users/amoralesma/Documents/UN/servos/servos-proyecto/uros_ws/install/micro_ros_msgs/share/micro_ros_msgs/environment/ament_prefix_path.sh
-- Installing: /Users/amoralesma/Documents/UN/servos/servos-proyecto/uros_ws/install/micro_ros_msgs/share/micro_ros_msgs/environment/ament_prefix_path.dsv
-- Installing: /Users/amoralesma/Documents/UN/servos/servos-proyecto/uros_ws/install/micro_ros_msgs/share/micro_ros_msgs/environment/path.sh
-- Installing: /Users/amoralesma/Documents/UN/servos/servos-proyecto/uros_ws/install/micro_ros_msgs/share/micro_ros_msgs/environment/path.dsv
-- Installing: /Users/amoralesma/Documents/UN/servos/servos-proyecto/uros_ws/install/micro_ros_msgs/share/micro_ros_msgs/local_setup.bash
-- Installing: /Users/amoralesma/Documents/UN/servos/servos-proyecto/uros_ws/install/micro_ros_msgs/share/micro_ros_msgs/local_setup.sh
-- Installing: /Users/amoralesma/Documents/UN/servos/servos-proyecto/uros_ws/install/micro_ros_msgs/share/micro_ros_msgs/local_setup.zsh
-- Installing: /Users/amoralesma/Documents/UN/servos/servos-proyecto/uros_ws/install/micro_ros_msgs/share/micro_ros_msgs/local_setup.dsv
-- Installing: /Users/amoralesma/Documents/UN/servos/servos-proyecto/uros_ws/install/micro_ros_msgs/share/micro_ros_msgs/package.dsv
-- Installing: /Users/amoralesma/Documents/UN/servos/servos-proyecto/uros_ws/install/micro_ros_msgs/share/ament_index/resource_index/packages/micro_ros_msgs
-- Installing: /Users/amoralesma/Documents/UN/servos/servos-proyecto/uros_ws/install/micro_ros_msgs/share/micro_ros_msgs/cmake/export_micro_ros_msgs__rosidl_generator_cExport.cmake
-- Installing: /Users/amoralesma/Documents/UN/servos/servos-proyecto/uros_ws/install/micro_ros_msgs/share/micro_ros_msgs/cmake/export_micro_ros_msgs__rosidl_generator_cExport-noconfig.cmake
-- Installing: /Users/amoralesma/Documents/UN/servos/servos-proyecto/uros_ws/install/micro_ros_msgs/share/micro_ros_msgs/cmake/export_micro_ros_msgs__rosidl_typesupport_fastrtps_cExport.cmake
-- Installing: /Users/amoralesma/Documents/UN/servos/servos-proyecto/uros_ws/install/micro_ros_msgs/share/micro_ros_msgs/cmake/export_micro_ros_msgs__rosidl_typesupport_fastrtps_cExport-noconfig.cmake
-- Installing: /Users/amoralesma/Documents/UN/servos/servos-proyecto/uros_ws/install/micro_ros_msgs/share/micro_ros_msgs/cmake/micro_ros_msgs__rosidl_typesupport_introspection_cExport.cmake
-- Installing: /Users/amoralesma/Documents/UN/servos/servos-proyecto/uros_ws/install/micro_ros_msgs/share/micro_ros_msgs/cmake/micro_ros_msgs__rosidl_typesupport_introspection_cExport-noconfig.cmake
-- Installing: /Users/amoralesma/Documents/UN/servos/servos-proyecto/uros_ws/install/micro_ros_msgs/share/micro_ros_msgs/cmake/micro_ros_msgs__rosidl_typesupport_cExport.cmake
-- Installing: /Users/amoralesma/Documents/UN/servos/servos-proyecto/uros_ws/install/micro_ros_msgs/share/micro_ros_msgs/cmake/micro_ros_msgs__rosidl_typesupport_cExport-noconfig.cmake
-- Installing: /Users/amoralesma/Documents/UN/servos/servos-proyecto/uros_ws/install/micro_ros_msgs/share/micro_ros_msgs/cmake/export_micro_ros_msgs__rosidl_generator_cppExport.cmake
-- Installing: /Users/amoralesma/Documents/UN/servos/servos-proyecto/uros_ws/install/micro_ros_msgs/share/micro_ros_msgs/cmake/export_micro_ros_msgs__rosidl_typesupport_fastrtps_cppExport.cmake
-- Installing: /Users/amoralesma/Documents/UN/servos/servos-proyecto/uros_ws/install/micro_ros_msgs/share/micro_ros_msgs/cmake/export_micro_ros_msgs__rosidl_typesupport_fastrtps_cppExport-noconfig.cmake
-- Installing: /Users/amoralesma/Documents/UN/servos/servos-proyecto/uros_ws/install/micro_ros_msgs/share/micro_ros_msgs/cmake/micro_ros_msgs__rosidl_typesupport_introspection_cppExport.cmake
-- Installing: /Users/amoralesma/Documents/UN/servos/servos-proyecto/uros_ws/install/micro_ros_msgs/share/micro_ros_msgs/cmake/micro_ros_msgs__rosidl_typesupport_introspection_cppExport-noconfig.cmake
-- Installing: /Users/amoralesma/Documents/UN/servos/servos-proyecto/uros_ws/install/micro_ros_msgs/share/micro_ros_msgs/cmake/micro_ros_msgs__rosidl_typesupport_cppExport.cmake
-- Installing: /Users/amoralesma/Documents/UN/servos/servos-proyecto/uros_ws/install/micro_ros_msgs/share/micro_ros_msgs/cmake/micro_ros_msgs__rosidl_typesupport_cppExport-noconfig.cmake
-- Installing: /Users/amoralesma/Documents/UN/servos/servos-proyecto/uros_ws/install/micro_ros_msgs/share/micro_ros_msgs/cmake/export_micro_ros_msgs__rosidl_generator_pyExport.cmake
-- Installing: /Users/amoralesma/Documents/UN/servos/servos-proyecto/uros_ws/install/micro_ros_msgs/share/micro_ros_msgs/cmake/export_micro_ros_msgs__rosidl_generator_pyExport-noconfig.cmake
-- Installing: /Users/amoralesma/Documents/UN/servos/servos-proyecto/uros_ws/install/micro_ros_msgs/share/micro_ros_msgs/cmake/rosidl_cmake-extras.cmake
-- Installing: /Users/amoralesma/Documents/UN/servos/servos-proyecto/uros_ws/install/micro_ros_msgs/share/micro_ros_msgs/cmake/ament_cmake_export_include_directories-extras.cmake
-- Installing: /Users/amoralesma/Documents/UN/servos/servos-proyecto/uros_ws/install/micro_ros_msgs/share/micro_ros_msgs/cmake/ament_cmake_export_libraries-extras.cmake
-- Installing: /Users/amoralesma/Documents/UN/servos/servos-proyecto/uros_ws/install/micro_ros_msgs/share/micro_ros_msgs/cmake/ament_cmake_export_targets-extras.cmake
-- Installing: /Users/amoralesma/Documents/UN/servos/servos-proyecto/uros_ws/install/micro_ros_msgs/share/micro_ros_msgs/cmake/rosidl_cmake_export_typesupport_targets-extras.cmake
-- Installing: /Users/amoralesma/Documents/UN/servos/servos-proyecto/uros_ws/install/micro_ros_msgs/share/micro_ros_msgs/cmake/ament_cmake_export_dependencies-extras.cmake
-- Installing: /Users/amoralesma/Documents/UN/servos/servos-proyecto/uros_ws/install/micro_ros_msgs/share/micro_ros_msgs/cmake/rosidl_cmake_export_typesupport_libraries-extras.cmake
-- Installing: /Users/amoralesma/Documents/UN/servos/servos-proyecto/uros_ws/install/micro_ros_msgs/share/micro_ros_msgs/cmake/micro_ros_msgsConfig.cmake
-- Installing: /Users/amoralesma/Documents/UN/servos/servos-proyecto/uros_ws/install/micro_ros_msgs/share/micro_ros_msgs/cmake/micro_ros_msgsConfig-version.cmake
-- Installing: /Users/amoralesma/Documents/UN/servos/servos-proyecto/uros_ws/install/micro_ros_msgs/share/micro_ros_msgs/package.xml
